----------------------------------------
Job started at: Thu May  1 17:37:09 CDT 2025
Running in directory: /u/jywu3/scratch/IS567FP
Target repository: /u/jywu3/scratch/IS567FP
Target remote/branch: origin/main
----------------------------------------
Current git status:
 M sbatch/git_sync/auto_git_sync_2021063.err
 M sbatch/git_sync/auto_git_sync_2021063.out
?? auto_git_sync_2023007.err
?? auto_git_sync_2023007.out
Changes detected. Proceeding with add, commit, push.
Running 'git add .'
Running 'git commit'
[main 5e7a34f] Automated sync: Thu May  1 17:37:09 CDT 2025
 Committer: Wu <jywu3@ccc0442.campuscluster.illinois.edu>
Your name and email address were configured automatically based
on your username and hostname. Please check that they are accurate.
You can suppress this message by setting them explicitly. Run the
following command and follow the instructions in your editor to edit
your configuration file:

    git config --global --edit

After doing this, you may fix the identity used for this commit with:

    git commit --amend --reset-author

 4 files changed, 44 insertions(+)
 create mode 100644 auto_git_sync_2023007.err
 create mode 100644 auto_git_sync_2023007.out
Running 'git push origin main'
Push successful.
----------------------------------------
Current run finished at: Thu May  1 17:37:25 CDT 2025
Rescheduling next run for approximately: 2025-05-02T05:37:24
Submitted batch job 2027553
Successfully submitted next job.
----------------------------------------
