----------------------------------------
Job started at: Thu May  1 05:36:51 CDT 2025
Running in directory: /u/jywu3/scratch/IS567FP/sbatch/git_sync
Target repository: /u/jywu3/scratch/IS567FP
Target remote/branch: origin/main
----------------------------------------
Current git status:
 M sbatch/git_sync/auto_git_sync.slurm
?? sbatch/ANLI/preprocess_ANLI_1950249.log
?? sbatch/MNLI/preprocess_MNLI_1950251.log
?? sbatch/git_sync/auto_git_sync_2021063.err
?? sbatch/git_sync/auto_git_sync_2021063.out
Changes detected. Proceeding with add, commit, push.
Running 'git add .'
Running 'git commit'
[main 72a4ca1] Automated sync: Thu May  1 05:36:51 CDT 2025
 Committer: Wu <jywu3@ccc0420.campuscluster.illinois.edu>
Your name and email address were configured automatically based
on your username and hostname. Please check that they are accurate.
You can suppress this message by setting them explicitly. Run the
following command and follow the instructions in your editor to edit
your configuration file:

    git config --global --edit

After doing this, you may fix the identity used for this commit with:

    git commit --amend --reset-author

 5 files changed, 347 insertions(+)
 create mode 100644 sbatch/ANLI/preprocess_ANLI_1950249.log
 create mode 100644 sbatch/MNLI/preprocess_MNLI_1950251.log
 mode change 100644 => 100755 sbatch/git_sync/auto_git_sync.slurm
 create mode 100644 sbatch/git_sync/auto_git_sync_2021063.err
 create mode 100644 sbatch/git_sync/auto_git_sync_2021063.out
Running 'git push origin main'
Push successful.
----------------------------------------
Current run finished at: Thu May  1 05:37:04 CDT 2025
Rescheduling next run for approximately: 2025-05-01T17:37:04
Submitted batch job 2023007
Successfully submitted next job.
----------------------------------------
