------------------------------------------------
Initial SLURM_ARRAY_TASK_ID: '22'
Validated SLURM_ARRAY_TASK_ID: 22
------------------------------------------------
DEBUG: NUM_DATASETS=3, NUM_EXPERIMENTS=9, TOTAL_TASKS=27
------------------------------------------------
SLURM Job ID: 2175031
SLURM Array Job ID: 2174740
SLURM Array Task ID: 22 / 27
Running on host: ccc0290.campuscluster.illinois.edu
Node allocated: ccc0290
Requested CPUs: 16
Running Dataset: ANLI
Running Experiment (Model Type): experiment-1
Sample Size: 10000 (8000 train, 1000 validation, 1000 test)
------------------------------------------------
Modules loaded.
Python environment 'IS567' activated: /sw/apps/anaconda3/2024.10/bin/python
OMP_NUM_THREADS set to 16
Changed directory to /u/jywu3/scratch/IS567FP
Starting Python script for ANLI / experiment-1 (Task ID 22)...
2025-05-11 22:44:45,620 - datasets - INFO - [config.py:54] - PyTorch version 2.6.0+cu126 available.
2025-05-11 22:44:51,595 - __main__ - INFO - [main.py:47] - Running mode: train
2025-05-11 22:44:51,595 - __main__ - INFO - [main.py:48] - Selected model type: experiment-1
2025-05-11 22:44:51,595 - __main__ - INFO - [main.py:49] - Selected dataset: ANLI
2025-05-11 22:44:51,595 - __main__ - INFO - [main.py:50] - Using device: cpu
2025-05-11 22:44:51,595 - __main__ - INFO - [main.py:52] - Using sample size: 10000
2025-05-11 22:44:51,595 - __main__ - INFO - [main.py:92] - Starting training for model: experiment-1
2025-05-11 22:44:55,238 - models.base_experiment_trainer - INFO - [base_experiment_trainer.py:55] - Initialized ExperimentTrainer for model key: 'experiment-1', class: DecisionTreeSyntacticExperiment1, dataset: ANLI, suffix: sample10000
2025-05-11 22:44:55,264 - models.base_experiment_trainer - INFO - [base_experiment_trainer.py:71] - Initializing model instance for experiment-1 (DecisionTreeSyntacticExperiment1)
2025-05-11 22:44:55,264 - models.base_experiment_trainer - INFO - [base_experiment_trainer.py:93] - Model experiment-1 initialized successfully.
2025-05-11 22:44:55,264 - models.base_experiment_trainer - INFO - [base_experiment_trainer.py:107] - --- Loading Pre-computed Features for experiment-1 on ANLI (train/sample10000) ---
2025-05-11 22:44:55,264 - models.base_experiment_trainer - INFO - [base_experiment_trainer.py:115] - Loading pre-computed features using SimpleParquetLoader...
2025-05-11 22:44:55,264 - models.base_experiment_trainer - INFO - [base_experiment_trainer.py:128] - Attempting to load feature file matching: dataset='ANLI', split='train', suffix='sample10000'
2025-05-11 22:44:55,264 - models.baseline_base - INFO - [baseline_base.py:622] - SimpleParquetLoader: Searching for features in cache/parquet/ANLI/train for ANLI/train/sample10000
2025-05-11 22:45:20,712 - models.baseline_base - INFO - [baseline_base.py:685] - SimpleParquetLoader: Loading final features from: cache/parquet/ANLI/train/ANLI_train_features_stats_syntactic_full.parquet
2025-05-11 22:45:25,881 - models.baseline_base - INFO - [baseline_base.py:687] - SimpleParquetLoader: Loaded 740653 rows from cache/parquet/ANLI/train/ANLI_train_features_stats_syntactic_full.parquet
2025-05-11 22:45:25,881 - models.base_experiment_trainer - INFO - [base_experiment_trainer.py:153] - Loaded 740653 rows with 253 columns from pre-computed feature file.
2025-05-11 22:45:25,885 - models.base_experiment_trainer - INFO - [base_experiment_trainer.py:163] - Feature data cleaned. 740653 samples remaining.
2025-05-11 22:45:25,885 - models.base_experiment_trainer - INFO - [base_experiment_trainer.py:172] - Extracting/Selecting features using experiment-1.extract_features...
2025-05-11 22:45:25,885 - models.decision_tree_hand_crafted_syntactic_features_experiment_1 - INFO - [decision_tree_hand_crafted_syntactic_features_experiment_1.py:150] - Training Experiment 1: Decision Tree + Syntactic Features: Storing 243 feature columns.
2025-05-11 22:45:26,546 - models.base_experiment_trainer - INFO - [base_experiment_trainer.py:182] - Training features prepared. Shape: (740653, 243)
2025-05-11 22:45:26,546 - models.base_experiment_trainer - INFO - [base_experiment_trainer.py:183] - Training labels prepared. Length: 740653
2025-05-11 22:45:26,658 - models.base_experiment_trainer - INFO - [base_experiment_trainer.py:194] - Data loading and preparation phase finished in 31.39s
2025-05-11 22:45:26,658 - models.base_experiment_trainer - INFO - [base_experiment_trainer.py:198] - --- Starting model training for experiment-1 on ANLI (sample10000) ---
2025-05-11 22:45:26,658 - models.decision_tree_hand_crafted_syntactic_features_experiment_1 - INFO - [decision_tree_hand_crafted_syntactic_features_experiment_1.py:186] - Training Experiment 1: Decision Tree + Syntactic Features with 740653 samples and 243 features...
2025-05-11 22:46:14,192 - models.decision_tree_hand_crafted_syntactic_features_experiment_1 - INFO - [decision_tree_hand_crafted_syntactic_features_experiment_1.py:197] - Experiment 1: Decision Tree + Syntactic Features training complete in 47.53 seconds.
2025-05-11 22:46:14,203 - models.base_experiment_trainer - INFO - [base_experiment_trainer.py:217] - Model training phase for experiment-1 finished in 47.54s
2025-05-11 22:46:14,346 - models.base_experiment_trainer - INFO - [base_experiment_trainer.py:226] - Saving model experiment-1...
2025-05-11 22:46:21,955 - models.decision_tree_hand_crafted_syntactic_features_experiment_1 - INFO - [decision_tree_hand_crafted_syntactic_features_experiment_1.py:307] - Experiment 1: Decision Tree + Syntactic Features pipeline saved to /scratch/jywu3/IS567FP/saved_models/baseline_models/ANLI/experiment-1/sample10000/ANLI_experiment-1_sample10000_pipeline.joblib
2025-05-11 22:46:21,955 - models.decision_tree_hand_crafted_syntactic_features_experiment_1 - INFO - [decision_tree_hand_crafted_syntactic_features_experiment_1.py:308] - Experiment 1: Decision Tree + Syntactic Features feature columns saved to /scratch/jywu3/IS567FP/saved_models/baseline_models/ANLI/experiment-1/sample10000/ANLI_experiment-1_sample10000_feature_cols.joblib
2025-05-11 22:46:21,955 - models.base_experiment_trainer - INFO - [base_experiment_trainer.py:231] - Model experiment-1 saved in directory: /scratch/jywu3/IS567FP/saved_models/baseline_models/ANLI/experiment-1/sample10000 with base name: ANLI_experiment-1_sample10000
2025-05-11 22:46:21,993 - __main__ - INFO - [main.py:123] - Training completed. Results: {'experiment-1': {'status': 'trained', 'train_time': 47.54482316970825}}
Python script finished with exit code 0 for Task ID 22
------------------------------------------------
Job Task 22 finished.
Total Runtime: 106 seconds
------------------------------------------------
