------------------------------------------------
SLURM Job ID: 2003165
SLURM Array Job ID: 2003051
SLURM Array Task ID: 15
Running on host: ccc0361.campuscluster.illinois.edu
Node allocated: ccc0361
Requested CPUs: 16
Requested Memory: M
Running Dataset: MNLI
Running Experiment: svm_syntactic_exp1
------------------------------------------------
Modules loaded.
Python environment 'IS567' activated.
OMP_NUM_THREADS set to 16
Changed directory to /u/jywu3/scratch/IS567FP
Starting Python script for MNLI / svm_syntactic_exp1 (Task ID 15)...
INFO:__main__:Running in train mode on MNLI dataset
INFO:__main__:Using device: cpu
INFO:__main__:Selected model type: svm_syntactic_exp1
INFO:__main__:Using sample size: 100
INFO:__main__:Initializing BaselineTrainer for model: svm_syntactic_exp1, dataset: MNLI
INFO:__main__:Starting training process...
INFO:models.baseline_trainer:Trainer loading data for svm_syntactic_exp1 on MNLI (sample100)
INFO:models.baseline_trainer:Loading precomputed features using base: features_lexical_syntactic_sample100
WARNING:utils.database:Final feature file not found at /scratch/jywu3/IS567FP/cache/parquet/MNLI_train_features_lexical_syntactic_sample100.parquet. Checking intermediate paths...
WARNING:utils.database:No data found at intermediate path /scratch/jywu3/IS567FP/cache/parquet/MNLI/train/MNLI_train_features_lexical_syntactic_sample100.parquet or final path for table 'MNLI_train_features_lexical_syntactic_sample100'.
WARNING:utils.database:Final feature file not found at /scratch/jywu3/IS567FP/cache/parquet/MNLI_validation_features_lexical_syntactic_sample100.parquet. Checking intermediate paths...
WARNING:utils.database:No data found at intermediate path /scratch/jywu3/IS567FP/cache/parquet/MNLI/validation/MNLI_validation_features_lexical_syntactic_sample100.parquet or final path for table 'MNLI_validation_features_lexical_syntactic_sample100'.
WARNING:utils.database:Final feature file not found at /scratch/jywu3/IS567FP/cache/parquet/MNLI_test_features_lexical_syntactic_sample100.parquet. Checking intermediate paths...
WARNING:utils.database:No data found at intermediate path /scratch/jywu3/IS567FP/cache/parquet/MNLI/test/MNLI_test_features_lexical_syntactic_sample100.parquet or final path for table 'MNLI_test_features_lexical_syntactic_sample100'.
ERROR:models.baseline_trainer:Training data could not be loaded. Aborting.
ERROR:__main__:Training run failed or produced no results.
Python script finished with exit code 0 for Task ID 15
------------------------------------------------
Job Task 15 finished.
Total Runtime: 10 seconds
------------------------------------------------
