------------------------------------------------
Initial SLURM_ARRAY_TASK_ID: '10'
Validated SLURM_ARRAY_TASK_ID: 10
------------------------------------------------
DEBUG: NUM_DATASETS=3, NUM_EXPERIMENTS=9, TOTAL_TASKS=27
------------------------------------------------
SLURM Job ID: 2175357
SLURM Array Job ID: 2175343
SLURM Array Task ID: 10 / 27
Running on host: ccc0359.campuscluster.illinois.edu
Node allocated: ccc0359
Requested CPUs: 16
Running Dataset: MNLI
Running Experiment (Model Type): baseline-1
Sample Size: 10000 (8000 train, 1000 validation, 1000 test)
------------------------------------------------
Modules loaded.
Python environment 'IS567' activated: /sw/apps/anaconda3/2024.10/bin/python
OMP_NUM_THREADS set to 16
Changed directory to /u/jywu3/scratch/IS567FP
Starting Python script for MNLI / baseline-1 (Task ID 10)...
2025-05-11 22:54:05,467 - datasets - INFO - [config.py:54] - PyTorch version 2.6.0+cu126 available.
2025-05-11 22:54:07,565 - __main__ - INFO - [main.py:47] - Running mode: train
2025-05-11 22:54:07,565 - __main__ - INFO - [main.py:48] - Selected model type: baseline-1
2025-05-11 22:54:07,565 - __main__ - INFO - [main.py:49] - Selected dataset: MNLI
2025-05-11 22:54:07,565 - __main__ - INFO - [main.py:50] - Using device: cpu
2025-05-11 22:54:07,565 - __main__ - INFO - [main.py:52] - Using sample size: 8000
2025-05-11 22:54:07,565 - __main__ - INFO - [main.py:92] - Starting training for model: baseline-1
2025-05-11 22:54:08,056 - models.baseline_trainer - INFO - [baseline_trainer.py:49] - Initialized Trainer for model key: 'baseline-1', class: DecisionTreeBowBaseline, dataset: MNLI, suffix: sample8000
2025-05-11 22:54:08,056 - models.baseline_trainer - INFO - [baseline_trainer.py:64] - Initializing model instance for baseline-1 (DecisionTreeBowBaseline)
2025-05-11 22:54:08,056 - models.baseline_trainer - WARNING - [baseline_trainer.py:82] - Attempting to initialize model with the 'args' object. Ensure model __init__ handles this.
2025-05-11 22:54:08,057 - models.baseline_trainer - INFO - [baseline_trainer.py:101] - Model baseline-1 initialized successfully.
2025-05-11 22:54:08,057 - models.baseline_trainer - INFO - [baseline_trainer.py:117] - --- Loading and preprocessing data for baseline-1 on MNLI (train/sample8000) ---
2025-05-11 22:54:08,057 - models.baseline_trainer - INFO - [baseline_trainer.py:126] - Loading raw training data...
2025-05-11 22:54:08,057 - models.baseline_base - INFO - [baseline_base.py:335] - Attempting to load intermediate raw text data: MNLI/train/sample8000
2025-05-11 22:54:08,058 - utils.database - INFO - [database.py:80] - Loading intermediate data from /scratch/jywu3/IS567FP/cache/parquet/MNLI/train/pairs_sample8000.parquet
2025-05-11 22:54:08,117 - utils.database - INFO - [database.py:80] - Loading intermediate data from /scratch/jywu3/IS567FP/cache/parquet/MNLI/train/sentences_sample8000.parquet
2025-05-11 22:54:08,217 - models.baseline_base - INFO - [baseline_base.py:345] - Merging intermediate pairs and sentences data...
2025-05-11 22:54:08,234 - models.baseline_base - INFO - [baseline_base.py:392] - Successfully loaded and merged intermediate data. Shape after merge: (8000, 4)
2025-05-11 22:54:08,235 - models.baseline_trainer - INFO - [baseline_trainer.py:135] - Loaded 8000 training samples.
2025-05-11 22:54:08,235 - models.baseline_trainer - INFO - [baseline_trainer.py:138] - Cleaning training data and preparing labels...
2025-05-11 22:54:08,235 - models.baseline_trainer - INFO - [baseline_trainer.py:143] - Training data cleaned. 8000 samples remaining.
2025-05-11 22:54:08,235 - models.baseline_trainer - INFO - [baseline_trainer.py:156] - Fitting feature extractor on training data...
2025-05-11 22:54:08,236 - models.baseline_trainer - INFO - [baseline_trainer.py:160] - Extracting features from training data...
2025-05-11 22:54:08,236 - models.decision_tree_bow_baseline - INFO - [decision_tree_bow_baseline.py:78] - Extracting BoW features using self.extractor...
2025-05-11 22:54:08,336 - models.baseline_trainer - INFO - [baseline_trainer.py:162] - Training features extracted. Shape: (8000, 4)
2025-05-11 22:54:08,336 - models.baseline_trainer - INFO - [baseline_trainer.py:169] - Data loading and feature extraction phase finished in 0.28s
2025-05-11 22:54:08,336 - models.baseline_trainer - INFO - [baseline_trainer.py:173] - --- Starting model training for baseline-1 on MNLI (sample8000) ---
2025-05-11 22:54:08,336 - models.decision_tree_bow_baseline - INFO - [decision_tree_bow_baseline.py:101] - Training Decision Tree model (self.model)...
2025-05-11 22:54:08,338 - models.decision_tree_bow_baseline - INFO - [decision_tree_bow_baseline.py:106] - Training finished in 0.00s.
2025-05-11 22:54:08,338 - models.baseline_trainer - INFO - [baseline_trainer.py:194] - Model training phase for baseline-1 finished in 0.00s
2025-05-11 22:54:08,338 - models.baseline_trainer - INFO - [baseline_trainer.py:199] - Saving model baseline-1...
2025-05-11 22:54:08,379 - models.decision_tree_bow_baseline - INFO - [decision_tree_bow_baseline.py:178] - Model saved to /scratch/jywu3/IS567FP/saved_models/baseline_models/MNLI/baseline-1/sample8000/MNLI_baseline-1_sample8000_model.joblib
2025-05-11 22:54:08,386 - models.decision_tree_bow_baseline - INFO - [decision_tree_bow_baseline.py:183] - Extractor saved to /scratch/jywu3/IS567FP/saved_models/baseline_models/MNLI/baseline-1/sample8000/MNLI_baseline-1_sample8000_extractor.joblib
2025-05-11 22:54:08,386 - models.baseline_trainer - INFO - [baseline_trainer.py:206] - Model baseline-1 saved in directory: /scratch/jywu3/IS567FP/saved_models/baseline_models/MNLI/baseline-1/sample8000 with base name: MNLI_baseline-1_sample8000
2025-05-11 22:54:08,386 - __main__ - INFO - [main.py:123] - Training completed. Results: {'baseline-1': {'status': 'trained', 'train_time': 0.0014390945434570312}}
Python script finished with exit code 0 for Task ID 10
------------------------------------------------
Job Task 10 finished.
Total Runtime: 10 seconds
------------------------------------------------
