------------------------------------------------
SLURM Job ID: 2009865
SLURM Array Job ID: 2003062
SLURM Array Task ID: 30
Running on host: ccc0366.campuscluster.illinois.edu
Node allocated: ccc0366
Requested CPUs: 16
Requested Memory: M
Running Dataset: ANLI
Running Experiment: random_forest_bow_syntactic_exp5
------------------------------------------------
Modules loaded.
Python environment 'IS567' activated.
OMP_NUM_THREADS set to 16
Changed directory to /u/jywu3/scratch/IS567FP
Starting Python script for ANLI / random_forest_bow_syntactic_exp5 (Task ID 30)...
INFO:__main__:Running in train mode on ANLI dataset
INFO:__main__:Using device: cpu
INFO:__main__:Selected model type: random_forest_bow_syntactic_exp5
INFO:__main__:Processing full dataset (no sample size specified).
INFO:__main__:Initializing BaselineTrainer for model: random_forest_bow_syntactic_exp5, dataset: ANLI
INFO:__main__:Starting training process...
INFO:models.baseline_trainer:Handling training for internally loading model: random_forest_bow_syntactic_exp5
INFO:models.baseline_trainer:Initializing model: random_forest_bow_syntactic_exp5
INFO:models.random_forest_bow_syntactic_experiment_5:Initializing Experiment 5 Random Forest (n_estimators=100, max_depth=None)
INFO:models.random_forest_bow_syntactic_experiment_5:Starting Exp5 training for ANLI/train/full
INFO:models.random_forest_bow_syntactic_experiment_5:Exp5: Loading features for ANLI/train/full
INFO:utils.database:Loading final features data from /scratch/jywu3/IS567FP/cache/parquet/ANLI_train_features_lexical_syntactic_full.parquet
INFO:models.random_forest_bow_syntactic_experiment_5:Extracting features from training data...
INFO:models.random_forest_bow_syntactic_experiment_5:Experiment 5: Storing 289 feature columns for training.
INFO:models.random_forest_bow_syntactic_experiment_5:Training features extracted. Shape: (740653, 289)
INFO:models.random_forest_bow_syntactic_experiment_5:Training Random Forest model...
INFO:models.random_forest_bow_syntactic_experiment_5:Model training completed in 75.39s.
INFO:models.random_forest_bow_syntactic_experiment_5:Loading and evaluating on validation data: ANLI/validation/full
INFO:models.random_forest_bow_syntactic_experiment_5:Exp5: Loading features for ANLI/validation/full
INFO:utils.database:Loading final features data from /scratch/jywu3/IS567FP/cache/parquet/ANLI_validation_features_lexical_syntactic_full.parquet
INFO:models.random_forest_bow_syntactic_experiment_5:Extracting features from validation data...
WARNING:models.random_forest_bow_syntactic_experiment_5:Combined BoW+Syntactic extractor: Missing columns {'premise_dep_deprel_csubj:outer', 'diff_dep_deprel_csubj:outer', 'hypothesis_dep_deprel_csubj:outer', 'premise_dep_deprel_csubj:pass', 'hypothesis_dep_deprel_reparandum'} during extraction. Filling with 0.
INFO:models.random_forest_bow_syntactic_experiment_5:Evaluating model on validation data...
INFO:models.baseline_base:Evaluating model on 27200 samples...
INFO:models.baseline_base:Prediction finished in 0.18 seconds.
INFO:models.baseline_base:Evaluation Metrics - Accuracy: 0.3452, Precision: 0.3693, Recall: 0.3452, F1: 0.2744
INFO:models.random_forest_bow_syntactic_experiment_5:Saving Experiment 5 Random Forest model state to /scratch/jywu3/IS567FP/saved_models/baseline_models/ANLI/random_forest_bow_syntactic_exp5/full/ANLI_random_forest_bow_syntactic_exp5_full.joblib
INFO:models.random_forest_bow_syntactic_experiment_5:Successfully saved model data to /scratch/jywu3/IS567FP/saved_models/baseline_models/ANLI/random_forest_bow_syntactic_exp5/full/ANLI_random_forest_bow_syntactic_exp5_full.joblib
INFO:models.baseline_trainer:Starting evaluation: Model=random_forest_bow_syntactic_exp5, Dataset=ANLI, Suffix=full
INFO:models.baseline_trainer:Loading random_forest_bow_syntactic_exp5 model from base path /scratch/jywu3/IS567FP/saved_models/baseline_models/ANLI/random_forest_bow_syntactic_exp5/full/ANLI_random_forest_bow_syntactic_exp5_full for evaluation...
INFO:models.random_forest_bow_syntactic_experiment_5:Loading Experiment 5 Random Forest model state from /scratch/jywu3/IS567FP/saved_models/baseline_models/ANLI/random_forest_bow_syntactic_exp5/full/ANLI_random_forest_bow_syntactic_exp5_full.joblib
INFO:models.random_forest_bow_syntactic_experiment_5:Initializing Experiment 5 Random Forest (n_estimators=100, max_depth=None)
INFO:models.random_forest_bow_syntactic_experiment_5:Successfully loaded Experiment 5 Random Forest model. Trained: True
INFO:models.baseline_trainer:Triggering internal evaluation for random_forest_bow_syntactic_exp5...
INFO:models.random_forest_bow_syntactic_experiment_5:Exp5: Loading features for ANLI/test/full
INFO:utils.database:Loading final features data from /scratch/jywu3/IS567FP/cache/parquet/ANLI_test_features_lexical_syntactic_full.parquet
WARNING:models.random_forest_bow_syntactic_experiment_5:Combined BoW+Syntactic extractor: Missing columns {'hypothesis_dep_deprel_orphan', 'hypothesis_dep_deprel_reparandum', 'premise_dep_deprel_csubj:outer'} during extraction. Filling with 0.
INFO:models.baseline_base:Evaluating model on 27200 samples...
INFO:models.baseline_base:Prediction finished in 0.14 seconds.
INFO:models.baseline_base:Evaluation Metrics - Accuracy: 0.3405, Precision: 0.3596, Recall: 0.3405, F1: 0.2676
INFO:models.baseline_trainer:Evaluation results for random_forest_bow_syntactic_exp5: {'accuracy': 0.34047794117647057, 'precision': 0.3595704252722323, 'recall': 0.34047794117647057, 'f1': 0.2676350524024218}
INFO:__main__:Training finished. Results: {'random_forest_bow_syntactic_exp5': {'train_time': 75.39427995681763, 'accuracy': 0.34518382352941174, 'precision': 0.36930389071463665, 'recall': 0.34518382352941174, 'f1': 0.2743802252564986, 'eval_time': 0.17633318901062012}}
Python script finished with exit code 0 for Task ID 30
------------------------------------------------
Job Task 30 finished.
Total Runtime: 154 seconds
------------------------------------------------
