------------------------------------------------
Initial SLURM_ARRAY_TASK_ID: '26'
Validated SLURM_ARRAY_TASK_ID: 26
------------------------------------------------
DEBUG: NUM_DATASETS=3, NUM_EXPERIMENTS=9, TOTAL_TASKS=27
------------------------------------------------
SLURM Job ID: 2175387
SLURM Array Job ID: 2175343
SLURM Array Task ID: 26 / 27
Running on host: ccc0359.campuscluster.illinois.edu
Node allocated: ccc0359
Requested CPUs: 16
Running Dataset: ANLI
Running Experiment (Model Type): experiment-5
Sample Size: 10000 (8000 train, 1000 validation, 1000 test)
------------------------------------------------
Modules loaded.
Python environment 'IS567' activated: /sw/apps/anaconda3/2024.10/bin/python
OMP_NUM_THREADS set to 16
Changed directory to /u/jywu3/scratch/IS567FP
Starting Python script for ANLI / experiment-5 (Task ID 26)...
2025-05-11 22:57:21,801 - datasets - INFO - [config.py:54] - PyTorch version 2.6.0+cu126 available.
2025-05-11 22:57:25,480 - __main__ - INFO - [main.py:47] - Running mode: train
2025-05-11 22:57:25,480 - __main__ - INFO - [main.py:48] - Selected model type: experiment-5
2025-05-11 22:57:25,480 - __main__ - INFO - [main.py:49] - Selected dataset: ANLI
2025-05-11 22:57:25,480 - __main__ - INFO - [main.py:50] - Using device: cpu
2025-05-11 22:57:25,480 - __main__ - INFO - [main.py:52] - Using sample size: 8000
2025-05-11 22:57:25,481 - __main__ - INFO - [main.py:92] - Starting training for model: experiment-5
2025-05-11 22:57:25,750 - models.base_experiment_trainer - INFO - [base_experiment_trainer.py:55] - Initialized ExperimentTrainer for model key: 'experiment-5', class: RandomForestBowSyntacticExperiment5, dataset: ANLI, suffix: sample8000
2025-05-11 22:57:25,750 - models.base_experiment_trainer - INFO - [base_experiment_trainer.py:71] - Initializing model instance for experiment-5 (RandomForestBowSyntacticExperiment5)
2025-05-11 22:57:25,750 - models.random_forest_bow_syntactic_experiment_5 - INFO - [random_forest_bow_syntactic_experiment_5.py:76] - Initialized RandomForest_BoW_Syntactic_Exp5_PipelineCompatible with params: {'bow_max_features': 5000, 'bow_ngram_range': (1, 1), 'n_estimators': 100, 'max_depth': None, 'random_state': 42, 'min_samples_split': 2, 'min_samples_leaf': 1, 'scale_syntactic': True}
2025-05-11 22:57:25,750 - models.base_experiment_trainer - INFO - [base_experiment_trainer.py:93] - Model experiment-5 initialized successfully.
2025-05-11 22:57:25,750 - models.base_experiment_trainer - INFO - [base_experiment_trainer.py:107] - --- Loading Pre-computed Features for experiment-5 on ANLI (train/sample8000) ---
2025-05-11 22:57:25,750 - models.base_experiment_trainer - INFO - [base_experiment_trainer.py:115] - Loading pre-computed features using SimpleParquetLoader...
2025-05-11 22:57:25,751 - models.base_experiment_trainer - INFO - [base_experiment_trainer.py:128] - Attempting to load feature file matching: dataset='ANLI', split='train', suffix='sample8000'
2025-05-11 22:57:25,751 - models.baseline_base - INFO - [baseline_base.py:622] - SimpleParquetLoader: Searching for features in cache/parquet/ANLI/train for ANLI/train/sample8000
2025-05-11 22:57:25,790 - models.baseline_base - INFO - [baseline_base.py:685] - SimpleParquetLoader: Loading final features from: cache/parquet/ANLI/train/ANLI_train_features_stats_syntactic_sample8000.parquet
2025-05-11 22:57:25,817 - models.baseline_base - INFO - [baseline_base.py:687] - SimpleParquetLoader: Loaded 9200 rows from cache/parquet/ANLI/train/ANLI_train_features_stats_syntactic_sample8000.parquet
2025-05-11 22:57:25,817 - models.base_experiment_trainer - INFO - [base_experiment_trainer.py:153] - Loaded 9200 rows with 252 columns from pre-computed feature file.
2025-05-11 22:57:25,818 - models.base_experiment_trainer - INFO - [base_experiment_trainer.py:163] - Feature data cleaned. 9200 samples remaining.
2025-05-11 22:57:25,818 - models.base_experiment_trainer - INFO - [base_experiment_trainer.py:172] - Extracting/Selecting features using experiment-5.extract_features...
2025-05-11 22:57:25,818 - models.random_forest_bow_syntactic_experiment_5 - INFO - [random_forest_bow_syntactic_experiment_5.py:193] - RandomForest_BoW_Syntactic_Exp5_PipelineCompatible: Fitting feature pipeline and transforming training data...
2025-05-11 22:57:26,214 - models.random_forest_bow_syntactic_experiment_5 - INFO - [random_forest_bow_syntactic_experiment_5.py:202] - Feature pipeline fit and transform complete in 0.40s. Output shape: (9200, 5242)
2025-05-11 22:57:26,214 - models.base_experiment_trainer - INFO - [base_experiment_trainer.py:182] - Training features prepared. Shape: (9200, 5242)
2025-05-11 22:57:26,215 - models.base_experiment_trainer - INFO - [base_experiment_trainer.py:183] - Training labels prepared. Length: 9200
2025-05-11 22:57:26,308 - models.base_experiment_trainer - INFO - [base_experiment_trainer.py:194] - Data loading and preparation phase finished in 0.56s
2025-05-11 22:57:26,308 - models.base_experiment_trainer - INFO - [base_experiment_trainer.py:198] - --- Starting model training for experiment-5 on ANLI (sample8000) ---
2025-05-11 22:57:26,309 - models.random_forest_bow_syntactic_experiment_5 - INFO - [random_forest_bow_syntactic_experiment_5.py:246] - Training RandomForest_BoW_Syntactic_Exp5_PipelineCompatible classifier on 9200 samples, 5242 features...
2025-05-11 22:57:27,080 - models.random_forest_bow_syntactic_experiment_5 - INFO - [random_forest_bow_syntactic_experiment_5.py:261] - Classifier training complete in 0.77s.
2025-05-11 22:57:27,080 - models.base_experiment_trainer - INFO - [base_experiment_trainer.py:217] - Model training phase for experiment-5 finished in 0.77s
2025-05-11 22:57:27,177 - models.base_experiment_trainer - INFO - [base_experiment_trainer.py:226] - Saving model experiment-5...
2025-05-11 22:57:27,177 - models.random_forest_bow_syntactic_experiment_5 - INFO - [random_forest_bow_syntactic_experiment_5.py:322] - Saving RandomForest_BoW_Syntactic_Exp5_PipelineCompatible feature pipeline to /scratch/jywu3/IS567FP/saved_models/baseline_models/ANLI/experiment-5/sample8000/ANLI_experiment-5_sample8000_feature_pipeline.joblib
2025-05-11 22:57:27,177 - models.random_forest_bow_syntactic_experiment_5 - INFO - [random_forest_bow_syntactic_experiment_5.py:323] - Saving RandomForest_BoW_Syntactic_Exp5_PipelineCompatible classifier to /scratch/jywu3/IS567FP/saved_models/baseline_models/ANLI/experiment-5/sample8000/ANLI_experiment-5_sample8000_classifier.joblib
2025-05-11 22:57:27,177 - models.random_forest_bow_syntactic_experiment_5 - INFO - [random_forest_bow_syntactic_experiment_5.py:324] - Saving RandomForest_BoW_Syntactic_Exp5_PipelineCompatible metadata to /scratch/jywu3/IS567FP/saved_models/baseline_models/ANLI/experiment-5/sample8000/ANLI_experiment-5_sample8000_metadata.joblib
2025-05-11 22:57:29,295 - models.random_forest_bow_syntactic_experiment_5 - INFO - [random_forest_bow_syntactic_experiment_5.py:330] - RandomForest_BoW_Syntactic_Exp5_PipelineCompatible components saved successfully.
2025-05-11 22:57:29,295 - models.base_experiment_trainer - INFO - [base_experiment_trainer.py:231] - Model experiment-5 saved in directory: /scratch/jywu3/IS567FP/saved_models/baseline_models/ANLI/experiment-5/sample8000 with base name: ANLI_experiment-5_sample8000
2025-05-11 22:57:29,296 - __main__ - INFO - [main.py:123] - Training completed. Results: {'experiment-5': {'status': 'trained', 'train_time': 0.7717719078063965}}
Python script finished with exit code 0 for Task ID 26
------------------------------------------------
Job Task 26 finished.
Total Runtime: 13 seconds
------------------------------------------------
