------------------------------------------------
SLURM Job ID: 2003162
SLURM Array Job ID: 2003051
SLURM Array Task ID: 13
Running on host: ccc0361.campuscluster.illinois.edu
Node allocated: ccc0361
Requested CPUs: 16
Requested Memory: M
Running Dataset: MNLI
Running Experiment: logistic_tfidf
------------------------------------------------
Modules loaded.
Python environment 'IS567' activated.
OMP_NUM_THREADS set to 16
Changed directory to /u/jywu3/scratch/IS567FP
Starting Python script for MNLI / logistic_tfidf (Task ID 13)...
INFO:__main__:Running in train mode on MNLI dataset
INFO:__main__:Using device: cpu
INFO:__main__:Selected model type: logistic_tfidf
INFO:__main__:Using sample size: 100
INFO:__main__:Initializing BaselineTrainer for model: logistic_tfidf, dataset: MNLI
INFO:__main__:Starting training process...
INFO:models.baseline_trainer:Trainer loading data for logistic_tfidf on MNLI (sample100)
INFO:models.baseline_trainer:Loading raw text data for logistic_tfidf
INFO:models.baseline_base:Attempting to load intermediate raw text data: MNLI/train/sample100
WARNING:utils.database:No data found at intermediate path /scratch/jywu3/IS567FP/cache/parquet/MNLI/train/pairs_sample100.parquet or final path for table 'pairs_sample100'.
WARNING:utils.database:No data found at intermediate path /scratch/jywu3/IS567FP/cache/parquet/MNLI/train/sentences_sample100.parquet or final path for table 'sentences_sample100'.
WARNING:models.baseline_base:Intermediate data (pairs_sample100 or sentences_sample100) not found or empty. Falling back to original data loader.
WARNING:models.baseline_base:Executing fallback: Loading original raw data using DatasetLoader.
INFO:data.data_loader:Loading dataset: MNLI (HF: nyu-mll/multi_nli), Split: train
INFO:data.data_loader:Loading raw MNLI/train from DB table: raw_data_full
INFO:utils.database:Loading intermediate data from /scratch/jywu3/IS567FP/cache/parquet/MNLI/train/raw_data_full.parquet
INFO:data.data_loader:Loaded 392702 examples for MNLI/train
INFO:models.baseline_base:Fallback data loaded successfully. Shape: (392702, 12)
INFO:models.baseline_base:Attempting to load intermediate raw text data: MNLI/validation/sample100
WARNING:utils.database:No data found at intermediate path /scratch/jywu3/IS567FP/cache/parquet/MNLI/validation/pairs_sample100.parquet or final path for table 'pairs_sample100'.
WARNING:utils.database:No data found at intermediate path /scratch/jywu3/IS567FP/cache/parquet/MNLI/validation/sentences_sample100.parquet or final path for table 'sentences_sample100'.
WARNING:models.baseline_base:Intermediate data (pairs_sample100 or sentences_sample100) not found or empty. Falling back to original data loader.
WARNING:models.baseline_base:Executing fallback: Loading original raw data using DatasetLoader.
INFO:data.data_loader:Loading dataset: MNLI (HF: nyu-mll/multi_nli), Split: validation
INFO:data.data_loader:Loading raw MNLI/validation from DB table: raw_data_full
INFO:utils.database:Loading intermediate data from /scratch/jywu3/IS567FP/cache/parquet/MNLI/validation/raw_data_full.parquet
INFO:data.data_loader:Loaded 9815 examples for MNLI/validation
INFO:models.baseline_base:Fallback data loaded successfully. Shape: (9815, 12)
INFO:models.baseline_base:Attempting to load intermediate raw text data: MNLI/test/sample100
WARNING:utils.database:No data found at intermediate path /scratch/jywu3/IS567FP/cache/parquet/MNLI/test/pairs_sample100.parquet or final path for table 'pairs_sample100'.
WARNING:utils.database:No data found at intermediate path /scratch/jywu3/IS567FP/cache/parquet/MNLI/test/sentences_sample100.parquet or final path for table 'sentences_sample100'.
WARNING:models.baseline_base:Intermediate data (pairs_sample100 or sentences_sample100) not found or empty. Falling back to original data loader.
WARNING:models.baseline_base:Executing fallback: Loading original raw data using DatasetLoader.
INFO:data.data_loader:Loading dataset: MNLI (HF: nyu-mll/multi_nli), Split: test
INFO:data.data_loader:Loading raw MNLI/test from DB table: raw_data_full
INFO:utils.database:Loading intermediate data from /scratch/jywu3/IS567FP/cache/parquet/MNLI/test/raw_data_full.parquet
INFO:data.data_loader:Loaded 9832 examples for MNLI/test
INFO:models.baseline_base:Fallback data loaded successfully. Shape: (9832, 12)
INFO:models.baseline_trainer:Initializing model: logistic_tfidf
INFO:models.baseline_trainer:Handling logistic_tfidf. Using raw text data.
INFO:models.baseline_trainer:Fitting feature extractor...
INFO:models.baseline_base:Fitting TfidfVectorizer on 392702 combined texts...
INFO:models.baseline_base:TfidfVectorizer fitted. Vocabulary size: 10000
INFO:models.baseline_trainer:Transforming training data...
/var/spool/slurmd/job2003162/slurm_script: line 97: 3282228 Killed                  python -u main.py --dataset "$CURRENT_DATASET" --mode train --model_type "$CURRENT_EXPERIMENT" --sample_size 100
Python script finished with exit code 137 for Task ID 13
------------------------------------------------
Job Task 13 finished.
Total Runtime: 69 seconds
------------------------------------------------
slurmstepd: error: Detected 1 oom_kill event in StepId=2003162.batch. Some of the step tasks have been OOM Killed.
