------------------------------------------------
SLURM Job ID: 2003157
SLURM Array Job ID: 2003051
SLURM Array Task ID: 8
Running on host: ccc0361.campuscluster.illinois.edu
Node allocated: ccc0361
Requested CPUs: 16
Requested Memory: M
Running Dataset: SNLI
Running Experiment: random_forest_bow_syntactic_exp5
------------------------------------------------
Modules loaded.
Python environment 'IS567' activated.
OMP_NUM_THREADS set to 16
Changed directory to /u/jywu3/scratch/IS567FP
Starting Python script for SNLI / random_forest_bow_syntactic_exp5 (Task ID 8)...
INFO:__main__:Running in train mode on SNLI dataset
INFO:__main__:Using device: cpu
INFO:__main__:Selected model type: random_forest_bow_syntactic_exp5
INFO:__main__:Using sample size: 100
INFO:__main__:Initializing BaselineTrainer for model: random_forest_bow_syntactic_exp5, dataset: SNLI
INFO:__main__:Starting training process...
INFO:models.baseline_trainer:Handling training for internally loading model: random_forest_bow_syntactic_exp5
INFO:models.baseline_trainer:Initializing model: random_forest_bow_syntactic_exp5
INFO:models.random_forest_bow_syntactic_experiment_5:Initializing Experiment 5 Random Forest (n_estimators=100, max_depth=None)
INFO:models.random_forest_bow_syntactic_experiment_5:Starting Exp5 training for SNLI/train/sample100
INFO:models.random_forest_bow_syntactic_experiment_5:Exp5: Loading features for SNLI/train/sample100
WARNING:utils.database:Final feature file not found at /scratch/jywu3/IS567FP/cache/parquet/SNLI_train_features_lexical_syntactic_sample100.parquet. Checking intermediate paths...
WARNING:utils.database:No data found at intermediate path /scratch/jywu3/IS567FP/cache/parquet/SNLI/train/SNLI_train_features_lexical_syntactic_sample100.parquet or final path for table 'SNLI_train_features_lexical_syntactic_sample100'.
ERROR:models.random_forest_bow_syntactic_experiment_5:Loaded empty features DataFrame for SNLI_train_features_lexical_syntactic_sample100.
INFO:models.random_forest_bow_syntactic_experiment_5:Saving Experiment 5 Random Forest model state to /scratch/jywu3/IS567FP/saved_models/baseline_models/SNLI/random_forest_bow_syntactic_exp5/sample100/SNLI_random_forest_bow_syntactic_exp5_sample100.joblib
WARNING:models.random_forest_bow_syntactic_experiment_5:Attempting to save an untrained Random Forest model.
INFO:models.random_forest_bow_syntactic_experiment_5:Successfully saved model data to /scratch/jywu3/IS567FP/saved_models/baseline_models/SNLI/random_forest_bow_syntactic_exp5/sample100/SNLI_random_forest_bow_syntactic_exp5_sample100.joblib
INFO:models.baseline_trainer:Starting evaluation: Model=random_forest_bow_syntactic_exp5, Dataset=SNLI, Suffix=sample100
INFO:models.baseline_trainer:Loading random_forest_bow_syntactic_exp5 model from base path /scratch/jywu3/IS567FP/saved_models/baseline_models/SNLI/random_forest_bow_syntactic_exp5/sample100/SNLI_random_forest_bow_syntactic_exp5_sample100 for evaluation...
INFO:models.random_forest_bow_syntactic_experiment_5:Loading Experiment 5 Random Forest model state from /scratch/jywu3/IS567FP/saved_models/baseline_models/SNLI/random_forest_bow_syntactic_exp5/sample100/SNLI_random_forest_bow_syntactic_exp5_sample100.joblib
INFO:models.random_forest_bow_syntactic_experiment_5:Initializing Experiment 5 Random Forest (n_estimators=100, max_depth=None)
INFO:models.random_forest_bow_syntactic_experiment_5:Successfully loaded Experiment 5 Random Forest model. Trained: False
INFO:models.baseline_trainer:Triggering internal evaluation for random_forest_bow_syntactic_exp5...
INFO:models.random_forest_bow_syntactic_experiment_5:Exp5: Loading features for SNLI/test/sample100
WARNING:utils.database:Final feature file not found at /scratch/jywu3/IS567FP/cache/parquet/SNLI_test_features_lexical_syntactic_sample100.parquet. Checking intermediate paths...
WARNING:utils.database:No data found at intermediate path /scratch/jywu3/IS567FP/cache/parquet/SNLI/test/SNLI_test_features_lexical_syntactic_sample100.parquet or final path for table 'SNLI_test_features_lexical_syntactic_sample100'.
ERROR:models.random_forest_bow_syntactic_experiment_5:Loaded empty features DataFrame for SNLI_test_features_lexical_syntactic_sample100.
ERROR:models.baseline_trainer:Failed to load/prepare test data within random_forest_bow_syntactic_exp5 model.
INFO:__main__:Training finished. Results: {'random_forest_bow_syntactic_exp5': {'error': 'Training data loading/preparation failed.'}}
Python script finished with exit code 0 for Task ID 8
------------------------------------------------
Job Task 8 finished.
Total Runtime: 9 seconds
------------------------------------------------
