------------------------------------------------
SLURM Job ID: 2003141
SLURM Array Job ID: 2003051
SLURM Array Task ID: 1
Running on host: ccc0361.campuscluster.illinois.edu
Node allocated: ccc0361
Requested CPUs: 16
Requested Memory: M
Running Dataset: SNLI
Running Experiment: svm
------------------------------------------------
Modules loaded.
Python environment 'IS567' activated.
OMP_NUM_THREADS set to 16
Changed directory to /u/jywu3/scratch/IS567FP
Starting Python script for SNLI / svm (Task ID 1)...
INFO:__main__:Running in train mode on SNLI dataset
INFO:__main__:Using device: cpu
INFO:__main__:Selected model type: svm
INFO:__main__:Using sample size: 100
INFO:__main__:Initializing BaselineTrainer for model: svm, dataset: SNLI
INFO:__main__:Starting training process...
INFO:models.baseline_trainer:Trainer loading data for svm on SNLI (sample100)
INFO:models.baseline_trainer:Loading precomputed features using base: features_lexical_syntactic_sample100
WARNING:utils.database:Final feature file not found at /scratch/jywu3/IS567FP/cache/parquet/SNLI_train_features_lexical_syntactic_sample100.parquet. Checking intermediate paths...
WARNING:utils.database:No data found at intermediate path /scratch/jywu3/IS567FP/cache/parquet/SNLI/train/SNLI_train_features_lexical_syntactic_sample100.parquet or final path for table 'SNLI_train_features_lexical_syntactic_sample100'.
WARNING:utils.database:Final feature file not found at /scratch/jywu3/IS567FP/cache/parquet/SNLI_validation_features_lexical_syntactic_sample100.parquet. Checking intermediate paths...
WARNING:utils.database:No data found at intermediate path /scratch/jywu3/IS567FP/cache/parquet/SNLI/validation/SNLI_validation_features_lexical_syntactic_sample100.parquet or final path for table 'SNLI_validation_features_lexical_syntactic_sample100'.
WARNING:utils.database:Final feature file not found at /scratch/jywu3/IS567FP/cache/parquet/SNLI_test_features_lexical_syntactic_sample100.parquet. Checking intermediate paths...
WARNING:utils.database:No data found at intermediate path /scratch/jywu3/IS567FP/cache/parquet/SNLI/test/SNLI_test_features_lexical_syntactic_sample100.parquet or final path for table 'SNLI_test_features_lexical_syntactic_sample100'.
ERROR:models.baseline_trainer:Training data could not be loaded. Aborting.
ERROR:__main__:Training run failed or produced no results.
Python script finished with exit code 0 for Task ID 1
------------------------------------------------
Job Task 1 finished.
Total Runtime: 26 seconds
------------------------------------------------
