------------------------------------------------
Initial SLURM_ARRAY_TASK_ID: '9'
Validated SLURM_ARRAY_TASK_ID: 9
------------------------------------------------
DEBUG: NUM_DATASETS=3, NUM_EXPERIMENTS=9, TOTAL_TASKS=27
------------------------------------------------
SLURM Job ID: 2175353
SLURM Array Job ID: 2175343
SLURM Array Task ID: 9 / 27
Running on host: ccc0366.campuscluster.illinois.edu
Node allocated: ccc0366
Requested CPUs: 16
Running Dataset: SNLI
Running Experiment (Model Type): experiment-6
Sample Size: 10000 (8000 train, 1000 validation, 1000 test)
------------------------------------------------
Modules loaded.
Python environment 'IS567' activated: /sw/apps/anaconda3/2024.10/bin/python
OMP_NUM_THREADS set to 16
Changed directory to /u/jywu3/scratch/IS567FP
Starting Python script for SNLI / experiment-6 (Task ID 9)...
2025-05-11 22:53:52,001 - datasets - INFO - [config.py:54] - PyTorch version 2.6.0+cu126 available.
2025-05-11 22:53:54,126 - __main__ - INFO - [main.py:47] - Running mode: train
2025-05-11 22:53:54,126 - __main__ - INFO - [main.py:48] - Selected model type: experiment-6
2025-05-11 22:53:54,126 - __main__ - INFO - [main.py:49] - Selected dataset: SNLI
2025-05-11 22:53:54,126 - __main__ - INFO - [main.py:50] - Using device: cpu
2025-05-11 22:53:54,126 - __main__ - INFO - [main.py:52] - Using sample size: 8000
2025-05-11 22:53:54,126 - __main__ - INFO - [main.py:92] - Starting training for model: experiment-6
2025-05-11 22:53:54,135 - models.base_experiment_trainer - INFO - [base_experiment_trainer.py:55] - Initialized ExperimentTrainer for model key: 'experiment-6', class: GradientBoostingTFIDFSyntacticExperiment6, dataset: SNLI, suffix: sample8000
2025-05-11 22:53:54,135 - models.base_experiment_trainer - INFO - [base_experiment_trainer.py:71] - Initializing model instance for experiment-6 (GradientBoostingTFIDFSyntacticExperiment6)
2025-05-11 22:53:54,136 - models.gradient_boosting_tfidf_syntactic_experiment_6 - INFO - [gradient_boosting_tfidf_syntactic_experiment_6.py:121] - Initialized GradientBoosting_TFIDF_Syntactic_Exp6 with params: {'n_estimators': 100, 'learning_rate': 3e-05, 'max_depth': None, 'random_state': 42, 'tfidf_max_features': 10000, 'tfidf_ngram_range': (1, 2), 'scale_syntactic': True}
2025-05-11 22:53:54,136 - models.base_experiment_trainer - INFO - [base_experiment_trainer.py:93] - Model experiment-6 initialized successfully.
2025-05-11 22:53:54,136 - models.base_experiment_trainer - INFO - [base_experiment_trainer.py:107] - --- Loading Pre-computed Features for experiment-6 on SNLI (train/sample8000) ---
2025-05-11 22:53:54,136 - models.base_experiment_trainer - INFO - [base_experiment_trainer.py:115] - Loading pre-computed features using SimpleParquetLoader...
2025-05-11 22:53:54,136 - models.base_experiment_trainer - INFO - [base_experiment_trainer.py:128] - Attempting to load feature file matching: dataset='SNLI', split='train', suffix='sample8000'
2025-05-11 22:53:54,136 - models.baseline_base - INFO - [baseline_base.py:622] - SimpleParquetLoader: Searching for features in cache/parquet/SNLI/train for SNLI/train/sample8000
2025-05-11 22:53:54,167 - models.baseline_base - INFO - [baseline_base.py:685] - SimpleParquetLoader: Loading final features from: cache/parquet/SNLI/train/SNLI_train_features_stats_syntactic_sample8000.parquet
2025-05-11 22:53:54,187 - models.baseline_base - INFO - [baseline_base.py:687] - SimpleParquetLoader: Loaded 8000 rows from cache/parquet/SNLI/train/SNLI_train_features_stats_syntactic_sample8000.parquet
2025-05-11 22:53:54,187 - models.base_experiment_trainer - INFO - [base_experiment_trainer.py:153] - Loaded 8000 rows with 239 columns from pre-computed feature file.
2025-05-11 22:53:54,188 - models.base_experiment_trainer - INFO - [base_experiment_trainer.py:163] - Feature data cleaned. 8000 samples remaining.
2025-05-11 22:53:54,188 - models.base_experiment_trainer - INFO - [base_experiment_trainer.py:172] - Extracting/Selecting features using experiment-6.extract_features...
2025-05-11 22:53:54,188 - models.gradient_boosting_tfidf_syntactic_experiment_6 - INFO - [gradient_boosting_tfidf_syntactic_experiment_6.py:292] - GradientBoosting_TFIDF_Syntactic_Exp6: Fitting feature pipeline and transforming training data...
2025-05-11 22:53:54,188 - models.gradient_boosting_tfidf_syntactic_experiment_6 - INFO - [gradient_boosting_tfidf_syntactic_experiment_6.py:232] - GradientBoosting_TFIDF_Syntactic_Exp6: Building unfitted feature pipeline...
2025-05-11 22:53:54,188 - models.gradient_boosting_tfidf_syntactic_experiment_6 - INFO - [gradient_boosting_tfidf_syntactic_experiment_6.py:263] - Adding StandardScaler (via SparseScaler) for syntactic features.
2025-05-11 22:53:54,188 - models.gradient_boosting_tfidf_syntactic_experiment_6 - INFO - [gradient_boosting_tfidf_syntactic_experiment_6.py:266] - Including 229 syntactic features in pipeline.
2025-05-11 22:53:54,188 - models.gradient_boosting_tfidf_syntactic_experiment_6 - INFO - [gradient_boosting_tfidf_syntactic_experiment_6.py:277] - GradientBoosting_TFIDF_Syntactic_Exp6: Unfitted feature pipeline built.
2025-05-11 22:53:54,438 - models.gradient_boosting_tfidf_syntactic_experiment_6 - INFO - [gradient_boosting_tfidf_syntactic_experiment_6.py:309] - Pipeline fit & transform complete in 0.25s. Shape: (8000, 10229)
2025-05-11 22:53:54,438 - models.base_experiment_trainer - INFO - [base_experiment_trainer.py:182] - Training features prepared. Shape: (8000, 10229)
2025-05-11 22:53:54,438 - models.base_experiment_trainer - INFO - [base_experiment_trainer.py:183] - Training labels prepared. Length: 8000
2025-05-11 22:53:54,549 - models.base_experiment_trainer - INFO - [base_experiment_trainer.py:194] - Data loading and preparation phase finished in 0.41s
2025-05-11 22:53:54,549 - models.base_experiment_trainer - INFO - [base_experiment_trainer.py:198] - --- Starting model training for experiment-6 on SNLI (sample8000) ---
2025-05-11 22:53:54,549 - models.gradient_boosting_tfidf_syntactic_experiment_6 - INFO - [gradient_boosting_tfidf_syntactic_experiment_6.py:347] - Converting sparse training data to dense for Gradient Boosting.
2025-05-11 22:53:54,726 - models.gradient_boosting_tfidf_syntactic_experiment_6 - INFO - [gradient_boosting_tfidf_syntactic_experiment_6.py:356] - Training GradientBoosting_TFIDF_Syntactic_Exp6 classifier on 8000 samples, 10229 features...
2025-05-11 23:38:40,681 - models.gradient_boosting_tfidf_syntactic_experiment_6 - INFO - [gradient_boosting_tfidf_syntactic_experiment_6.py:370] - Classifier training complete in 2685.95s.
2025-05-11 23:38:40,713 - models.base_experiment_trainer - INFO - [base_experiment_trainer.py:217] - Model training phase for experiment-6 finished in 2686.16s
2025-05-11 23:38:40,841 - models.base_experiment_trainer - INFO - [base_experiment_trainer.py:226] - Saving model experiment-6...
2025-05-11 23:38:40,841 - models.gradient_boosting_tfidf_syntactic_experiment_6 - INFO - [gradient_boosting_tfidf_syntactic_experiment_6.py:473] - Saving GradientBoosting_TFIDF_Syntactic_Exp6 feature pipeline to /scratch/jywu3/IS567FP/saved_models/baseline_models/SNLI/experiment-6/sample8000/SNLI_experiment-6_sample8000_feature_pipeline.joblib
2025-05-11 23:38:40,841 - models.gradient_boosting_tfidf_syntactic_experiment_6 - INFO - [gradient_boosting_tfidf_syntactic_experiment_6.py:474] - Saving GradientBoosting_TFIDF_Syntactic_Exp6 classifier to /scratch/jywu3/IS567FP/saved_models/baseline_models/SNLI/experiment-6/sample8000/SNLI_experiment-6_sample8000_classifier.joblib
2025-05-11 23:38:40,841 - models.gradient_boosting_tfidf_syntactic_experiment_6 - INFO - [gradient_boosting_tfidf_syntactic_experiment_6.py:475] - Saving GradientBoosting_TFIDF_Syntactic_Exp6 metadata to /scratch/jywu3/IS567FP/saved_models/baseline_models/SNLI/experiment-6/sample8000/SNLI_experiment-6_sample8000_metadata.joblib
2025-05-11 23:38:42,045 - models.gradient_boosting_tfidf_syntactic_experiment_6 - INFO - [gradient_boosting_tfidf_syntactic_experiment_6.py:481] - GradientBoosting_TFIDF_Syntactic_Exp6 components saved successfully.
2025-05-11 23:38:42,045 - models.base_experiment_trainer - INFO - [base_experiment_trainer.py:231] - Model experiment-6 saved in directory: /scratch/jywu3/IS567FP/saved_models/baseline_models/SNLI/experiment-6/sample8000 with base name: SNLI_experiment-6_sample8000
2025-05-11 23:38:42,046 - __main__ - INFO - [main.py:123] - Training completed. Results: {'experiment-6': {'status': 'trained', 'train_time': 2686.163567304611}}
Python script finished with exit code 0 for Task ID 9
------------------------------------------------
Job Task 9 finished.
Total Runtime: 2696 seconds
------------------------------------------------
