------------------------------------------------
SLURM Job ID: 2003051
SLURM Array Job ID: 2003051
SLURM Array Task ID: 33
Running on host: ccc0361.campuscluster.illinois.edu
Node allocated: ccc0361
Requested CPUs: 16
Requested Memory: M
Running Dataset: ANLI
Running Experiment: cross_validate_syntactic_experiment_8
------------------------------------------------
Modules loaded.
Python environment 'IS567' activated.
OMP_NUM_THREADS set to 16
Changed directory to /u/jywu3/scratch/IS567FP
Starting Python script for ANLI / cross_validate_syntactic_experiment_8 (Task ID 33)...
INFO:__main__:Running in train mode on ANLI dataset
INFO:__main__:Using device: cpu
INFO:__main__:Selected model type: cross_validate_syntactic_experiment_8
INFO:__main__:Using sample size: 100
INFO:__main__:Initializing special experiment runner for: cross_validate_syntactic_experiment_8, dataset: ANLI
INFO:__main__:Starting cross_validate_syntactic_experiment_8 run...
INFO:models.cross_validate_syntactic_experiment_8:===== Starting Experiment 8: Syntactic Feature Cross-Validation =====
INFO:models.cross_validate_syntactic_experiment_8:Dataset: ANLI, Suffix: sample100, Folds: 5
INFO:models.cross_validate_syntactic_experiment_8:Exp8: Loading precomputed features for ANLI/train/sample100
WARNING:utils.database:Final feature file not found at /scratch/jywu3/IS567FP/cache/parquet/ANLI_train_features_lexical_syntactic_sample100.parquet. Checking intermediate paths...
WARNING:utils.database:No data found at intermediate path /scratch/jywu3/IS567FP/cache/parquet/ANLI/train/ANLI_train_features_lexical_syntactic_sample100.parquet or final path for table 'ANLI_train_features_lexical_syntactic_sample100'.
ERROR:models.cross_validate_syntactic_experiment_8:Loaded empty features DataFrame for ANLI_train_features_lexical_syntactic_sample100.
ERROR:models.cross_validate_syntactic_experiment_8:Failed to load training data features. Aborting Experiment 8.
INFO:__main__:cross_validate_syntactic_experiment_8 finished. Overall Results Summary:
INFO:__main__:  - Config: error, Result: Training data features failed to load.
Python script finished with exit code 0 for Task ID 33
------------------------------------------------
Job Task 33 finished.
Total Runtime: 8 seconds
------------------------------------------------
