------------------------------------------------
Initial SLURM_ARRAY_TASK_ID: '7'
Validated SLURM_ARRAY_TASK_ID: 7
------------------------------------------------
DEBUG: NUM_DATASETS=3, NUM_EXPERIMENTS=9, TOTAL_TASKS=27
------------------------------------------------
SLURM Job ID: 2174749
SLURM Array Job ID: 2174740
SLURM Array Task ID: 7 / 27
Running on host: ccc0290.campuscluster.illinois.edu
Node allocated: ccc0290
Requested CPUs: 16
Running Dataset: SNLI
Running Experiment (Model Type): experiment-4
Sample Size: 10000 (8000 train, 1000 validation, 1000 test)
------------------------------------------------
Modules loaded.
Python environment 'IS567' activated: /sw/apps/anaconda3/2024.10/bin/python
OMP_NUM_THREADS set to 16
Changed directory to /u/jywu3/scratch/IS567FP
Starting Python script for SNLI / experiment-4 (Task ID 7)...
2025-05-11 22:41:44,698 - datasets - INFO - [config.py:54] - PyTorch version 2.6.0+cu126 available.
2025-05-11 22:41:48,153 - __main__ - INFO - [main.py:47] - Running mode: train
2025-05-11 22:41:48,153 - __main__ - INFO - [main.py:48] - Selected model type: experiment-4
2025-05-11 22:41:48,153 - __main__ - INFO - [main.py:49] - Selected dataset: SNLI
2025-05-11 22:41:48,153 - __main__ - INFO - [main.py:50] - Using device: cpu
2025-05-11 22:41:48,153 - __main__ - INFO - [main.py:52] - Using sample size: 10000
2025-05-11 22:41:48,153 - __main__ - INFO - [main.py:92] - Starting training for model: experiment-4
2025-05-11 22:41:48,250 - models.base_experiment_trainer - INFO - [base_experiment_trainer.py:55] - Initialized ExperimentTrainer for model key: 'experiment-4', class: MultinomialNaiveBayesBowSyntacticExperiment4, dataset: SNLI, suffix: sample10000
2025-05-11 22:41:48,250 - models.base_experiment_trainer - INFO - [base_experiment_trainer.py:71] - Initializing model instance for experiment-4 (MultinomialNaiveBayesBowSyntacticExperiment4)
2025-05-11 22:41:48,250 - models.multinomial_naive_bayes_bow_syntactic_experiment_4 - INFO - [multinomial_naive_bayes_bow_syntactic_experiment_4.py:145] - Initialized MultinomialNaiveBayesBowSyntacticExperiment4 with: alpha=1.0, bow_max_features=10000, bow_ngram_range=(1, 1), scale_syntactic=True
2025-05-11 22:41:48,250 - models.base_experiment_trainer - INFO - [base_experiment_trainer.py:93] - Model experiment-4 initialized successfully.
2025-05-11 22:41:48,250 - models.base_experiment_trainer - INFO - [base_experiment_trainer.py:107] - --- Loading Pre-computed Features for experiment-4 on SNLI (train/sample10000) ---
2025-05-11 22:41:48,250 - models.base_experiment_trainer - INFO - [base_experiment_trainer.py:115] - Loading pre-computed features using SimpleParquetLoader...
2025-05-11 22:41:48,251 - models.base_experiment_trainer - INFO - [base_experiment_trainer.py:128] - Attempting to load feature file matching: dataset='SNLI', split='train', suffix='sample10000'
2025-05-11 22:41:48,251 - models.baseline_base - INFO - [baseline_base.py:622] - SimpleParquetLoader: Searching for features in cache/parquet/SNLI/train for SNLI/train/sample10000
2025-05-11 22:41:48,728 - models.baseline_base - INFO - [baseline_base.py:685] - SimpleParquetLoader: Loading final features from: cache/parquet/SNLI/train/SNLI_train_features_stats_syntactic_full.parquet
2025-05-11 22:41:49,104 - models.baseline_base - INFO - [baseline_base.py:687] - SimpleParquetLoader: Loaded 549367 rows from cache/parquet/SNLI/train/SNLI_train_features_stats_syntactic_full.parquet
2025-05-11 22:41:49,105 - models.base_experiment_trainer - INFO - [base_experiment_trainer.py:153] - Loaded 549367 rows with 250 columns from pre-computed feature file.
2025-05-11 22:41:49,108 - models.base_experiment_trainer - INFO - [base_experiment_trainer.py:163] - Feature data cleaned. 549367 samples remaining.
2025-05-11 22:41:49,108 - models.base_experiment_trainer - INFO - [base_experiment_trainer.py:172] - Extracting/Selecting features using experiment-4.extract_features...
2025-05-11 22:41:49,108 - models.multinomial_naive_bayes_bow_syntactic_experiment_4 - INFO - [multinomial_naive_bayes_bow_syntactic_experiment_4.py:423] - Model not trained yet. Assuming training context: Building/Fitting pipeline...
2025-05-11 22:41:49,108 - models.multinomial_naive_bayes_bow_syntactic_experiment_4 - INFO - [multinomial_naive_bayes_bow_syntactic_experiment_4.py:288] - Exp4: Building feature pipeline...
2025-05-11 22:41:49,108 - models.multinomial_naive_bayes_bow_syntactic_experiment_4 - INFO - [multinomial_naive_bayes_bow_syntactic_experiment_4.py:293] - Using max_features per text part (premise/hypothesis): 5000
2025-05-11 22:41:49,108 - models.multinomial_naive_bayes_bow_syntactic_experiment_4 - WARNING - [multinomial_naive_bayes_bow_syntactic_experiment_4.py:311] - Re-inferring syntactic columns during pipeline build.
2025-05-11 22:41:49,108 - models.multinomial_naive_bayes_bow_syntactic_experiment_4 - INFO - [multinomial_naive_bayes_bow_syntactic_experiment_4.py:327] - Adding MinMaxScaler for syntactic features.
2025-05-11 22:41:49,108 - models.multinomial_naive_bayes_bow_syntactic_experiment_4 - INFO - [multinomial_naive_bayes_bow_syntactic_experiment_4.py:344] - Including BoW features in FeatureUnion.
2025-05-11 22:41:49,108 - models.multinomial_naive_bayes_bow_syntactic_experiment_4 - INFO - [multinomial_naive_bayes_bow_syntactic_experiment_4.py:351] - Including 240 syntactic features in FeatureUnion.
2025-05-11 22:41:49,108 - models.multinomial_naive_bayes_bow_syntactic_experiment_4 - INFO - [multinomial_naive_bayes_bow_syntactic_experiment_4.py:363] - Exp4: Feature pipeline built.
2025-05-11 22:41:49,108 - models.multinomial_naive_bayes_bow_syntactic_experiment_4 - INFO - [multinomial_naive_bayes_bow_syntactic_experiment_4.py:429] - Fitting feature pipeline and transforming training data...
2025-05-11 22:41:58,245 - models.multinomial_naive_bayes_bow_syntactic_experiment_4 - INFO - [multinomial_naive_bayes_bow_syntactic_experiment_4.py:440] - Pipeline fit & transform completed in 9.14s. Output shape: (549367, 10240)
2025-05-11 22:41:58,245 - models.base_experiment_trainer - INFO - [base_experiment_trainer.py:182] - Training features prepared. Shape: (549367, 10240)
2025-05-11 22:41:58,245 - models.base_experiment_trainer - INFO - [base_experiment_trainer.py:183] - Training labels prepared. Length: 549367
2025-05-11 22:41:58,359 - models.base_experiment_trainer - INFO - [base_experiment_trainer.py:194] - Data loading and preparation phase finished in 10.11s
2025-05-11 22:41:58,360 - models.base_experiment_trainer - INFO - [base_experiment_trainer.py:198] - --- Starting model training for experiment-4 on SNLI (sample10000) ---
2025-05-11 22:41:58,374 - models.multinomial_naive_bayes_bow_syntactic_experiment_4 - INFO - [multinomial_naive_bayes_bow_syntactic_experiment_4.py:393] - Training MultinomialNB classifier on processed data with shape: (549367, 10240)
2025-05-11 22:41:58,542 - models.multinomial_naive_bayes_bow_syntactic_experiment_4 - INFO - [multinomial_naive_bayes_bow_syntactic_experiment_4.py:398] - MultinomialNB classifier training completed successfully.
2025-05-11 22:41:58,542 - models.multinomial_naive_bayes_bow_syntactic_experiment_4 - INFO - [multinomial_naive_bayes_bow_syntactic_experiment_4.py:405] - Classifier training phase completed in 0.17s.
2025-05-11 22:41:58,542 - models.base_experiment_trainer - INFO - [base_experiment_trainer.py:217] - Model training phase for experiment-4 finished in 0.18s
2025-05-11 22:41:58,636 - models.base_experiment_trainer - INFO - [base_experiment_trainer.py:226] - Saving model experiment-4...
2025-05-11 22:41:58,636 - models.multinomial_naive_bayes_bow_syntactic_experiment_4 - INFO - [multinomial_naive_bayes_bow_syntactic_experiment_4.py:495] - Saving Exp4 model to /scratch/jywu3/IS567FP/saved_models/baseline_models/SNLI/experiment-4/sample10000/SNLI_experiment-4_sample10000_model.joblib
2025-05-11 22:41:58,636 - models.multinomial_naive_bayes_bow_syntactic_experiment_4 - INFO - [multinomial_naive_bayes_bow_syntactic_experiment_4.py:496] - Saving Exp4 pipeline to /scratch/jywu3/IS567FP/saved_models/baseline_models/SNLI/experiment-4/sample10000/SNLI_experiment-4_sample10000_pipeline.joblib
2025-05-11 22:41:58,636 - models.multinomial_naive_bayes_bow_syntactic_experiment_4 - INFO - [multinomial_naive_bayes_bow_syntactic_experiment_4.py:497] - Saving Exp4 metadata to /scratch/jywu3/IS567FP/saved_models/baseline_models/SNLI/experiment-4/sample10000/SNLI_experiment-4_sample10000_metadata.joblib
2025-05-11 22:41:58,793 - models.multinomial_naive_bayes_bow_syntactic_experiment_4 - INFO - [multinomial_naive_bayes_bow_syntactic_experiment_4.py:513] - Exp4 Model, Pipeline, and Metadata saved successfully.
2025-05-11 22:41:58,793 - models.base_experiment_trainer - INFO - [base_experiment_trainer.py:231] - Model experiment-4 saved in directory: /scratch/jywu3/IS567FP/saved_models/baseline_models/SNLI/experiment-4/sample10000 with base name: SNLI_experiment-4_sample10000
2025-05-11 22:41:58,872 - __main__ - INFO - [main.py:123] - Training completed. Results: {'experiment-4': {'status': 'trained', 'train_time': 0.18256926536560059}}
Python script finished with exit code 0 for Task ID 7
------------------------------------------------
Job Task 7 finished.
Total Runtime: 20 seconds
------------------------------------------------
