/var/spool/slurmd/job2143934/slurm_script: line 46: [: : integer expression expected
/var/spool/slurmd/job2143934/slurm_script: line 46: [: : integer expression expected
------------------------------------------------
SLURM Job ID: 2143934
SLURM Array Job ID: 
SLURM Array Task ID:  / 33
Running on host: ccc0388.campuscluster.illinois.edu
Node allocated: ccc0388
Requested CPUs: 16
Running Dataset: SNLI
Running Experiment (Model Type): experiment-8
------------------------------------------------
Modules loaded.
Python environment 'IS567' activated: /sw/apps/anaconda3/2024.10/bin/python
OMP_NUM_THREADS set to 16
Changed directory to /u/jywu3/scratch/IS567FP
Starting Python script for SNLI / experiment-8 (Task ID )...
2025-05-09 12:01:54,289 - datasets - INFO - [config.py:54] - PyTorch version 2.6.0+cu126 available.
2025-05-09 12:01:58,368 - __main__ - INFO - [main.py:47] - Running mode: train
2025-05-09 12:01:58,368 - __main__ - INFO - [main.py:48] - Selected model type: experiment-8
2025-05-09 12:01:58,368 - __main__ - INFO - [main.py:49] - Selected dataset: SNLI
2025-05-09 12:01:58,368 - __main__ - INFO - [main.py:50] - Using device: cuda
2025-05-09 12:01:58,368 - __main__ - INFO - [main.py:92] - Starting training for model: experiment-8
2025-05-09 12:01:58,374 - models.cross_validate_syntactic_experiment_8 - INFO - [cross_validate_syntactic_experiment_8.py:131] - ===== Starting Experiment 8: Syntactic Feature Cross-Validation =====
2025-05-09 12:01:58,374 - models.cross_validate_syntactic_experiment_8 - INFO - [cross_validate_syntactic_experiment_8.py:132] - Dataset: SNLI, Suffix: full, Folds: 5
2025-05-09 12:01:58,374 - models.cross_validate_syntactic_experiment_8 - INFO - [cross_validate_syntactic_experiment_8.py:90] - Exp8: Loading precomputed features for SNLI/train/full
2025-05-09 12:01:58,407 - utils.database - WARNING - [database.py:73] - Final feature file not found at /scratch/jywu3/IS567FP/cache/parquet/SNLI_train_features_lexical_syntactic_full.parquet. Checking intermediate paths...
2025-05-09 12:01:58,444 - utils.database - WARNING - [database.py:84] - No data found at intermediate path /scratch/jywu3/IS567FP/cache/parquet/SNLI/train/SNLI_train_features_lexical_syntactic_full.parquet or final path for table 'SNLI_train_features_lexical_syntactic_full'.
2025-05-09 12:01:58,445 - models.cross_validate_syntactic_experiment_8 - ERROR - [cross_validate_syntactic_experiment_8.py:97] - Loaded empty features DataFrame for SNLI_train_features_lexical_syntactic_full.
2025-05-09 12:01:58,445 - models.cross_validate_syntactic_experiment_8 - ERROR - [cross_validate_syntactic_experiment_8.py:137] - Failed to load training data features. Aborting Experiment 8.
2025-05-09 12:01:58,445 - __main__ - INFO - [main.py:113] - Experiment 8 Results: {'error': 'Training data features failed to load.'}
Python script finished with exit code 0 for Task ID 
------------------------------------------------
Job Task  finished.
Total Runtime: 10 seconds
------------------------------------------------
