------------------------------------------------
SLURM Job ID: 2005963
SLURM Array Job ID: 2003062
SLURM Array Task ID: 20
Running on host: ccc0291.campuscluster.illinois.edu
Node allocated: ccc0291
Requested CPUs: 16
Requested Memory: M
Running Dataset: MNLI
Running Experiment: gradient_boosting_tfidf_syntactic_exp6
------------------------------------------------
Modules loaded.
Python environment 'IS567' activated.
OMP_NUM_THREADS set to 16
Changed directory to /u/jywu3/scratch/IS567FP
Starting Python script for MNLI / gradient_boosting_tfidf_syntactic_exp6 (Task ID 20)...
INFO:__main__:Running in train mode on MNLI dataset
INFO:__main__:Using device: cpu
INFO:__main__:Selected model type: gradient_boosting_tfidf_syntactic_exp6
INFO:__main__:Processing full dataset (no sample size specified).
INFO:__main__:Initializing BaselineTrainer for model: gradient_boosting_tfidf_syntactic_exp6, dataset: MNLI
INFO:__main__:Starting training process...
INFO:models.baseline_trainer:Handling training for internally loading model: gradient_boosting_tfidf_syntactic_exp6
INFO:models.baseline_trainer:Initializing model: gradient_boosting_tfidf_syntactic_exp6
INFO:models.gradient_boosting_tfidf_syntactic_experiment_6:Starting Exp6 training for MNLI/train/full
INFO:models.gradient_boosting_tfidf_syntactic_experiment_6:Exp6: Loading data for MNLI/train (suffix: full)
INFO:utils.database:Loading intermediate data from /scratch/jywu3/IS567FP/cache/parquet/MNLI/train/pairs_full.parquet
INFO:utils.database:Loading intermediate data from /scratch/jywu3/IS567FP/cache/parquet/MNLI/train/sentences_full.parquet
INFO:models.gradient_boosting_tfidf_syntactic_experiment_6:Exp6: Successfully loaded and merged text data. Shape: (392702, 4)
INFO:utils.database:Loading final features data from /scratch/jywu3/IS567FP/cache/parquet/MNLI_train_features_lexical_syntactic_full.parquet
INFO:models.gradient_boosting_tfidf_syntactic_experiment_6:Exp6: Successfully loaded precomputed features. Shape: (392702, 293)
INFO:models.gradient_boosting_tfidf_syntactic_experiment_6:Exp6: Keeping 245 syntactic features.
INFO:models.gradient_boosting_tfidf_syntactic_experiment_6:Exp6: Merged text and syntactic features: 392702 rows.
INFO:models.gradient_boosting_tfidf_syntactic_experiment_6:Exp6: Building feature pipeline...
INFO:models.gradient_boosting_tfidf_syntactic_experiment_6:Adding StandardScaler for syntactic features.
INFO:models.gradient_boosting_tfidf_syntactic_experiment_6:Exp6: Feature pipeline built.
INFO:models.gradient_boosting_tfidf_syntactic_experiment_6:Fitting feature pipeline on training data...
INFO:models.gradient_boosting_tfidf_syntactic_experiment_6:Training data transformed. Shape: (392702, 10245)
INFO:models.gradient_boosting_tfidf_syntactic_experiment_6:Training Gradient Boosting model...
