------------------------------------------------
SLURM Job ID: 2003062
SLURM Array Job ID: 2003062
SLURM Array Task ID: 33
Running on host: ccc0360.campuscluster.illinois.edu
Node allocated: ccc0360
Requested CPUs: 16
Requested Memory: M
Running Dataset: ANLI
Running Experiment: cross_validate_syntactic_experiment_8
------------------------------------------------
Modules loaded.
Python environment 'IS567' activated.
OMP_NUM_THREADS set to 16
Changed directory to /u/jywu3/scratch/IS567FP
Starting Python script for ANLI / cross_validate_syntactic_experiment_8 (Task ID 33)...
INFO:__main__:Running in train mode on ANLI dataset
INFO:__main__:Using device: cpu
INFO:__main__:Selected model type: cross_validate_syntactic_experiment_8
INFO:__main__:Processing full dataset (no sample size specified).
INFO:__main__:Initializing special experiment runner for: cross_validate_syntactic_experiment_8, dataset: ANLI
INFO:__main__:Starting cross_validate_syntactic_experiment_8 run...
INFO:models.cross_validate_syntactic_experiment_8:===== Starting Experiment 8: Syntactic Feature Cross-Validation =====
INFO:models.cross_validate_syntactic_experiment_8:Dataset: ANLI, Suffix: full, Folds: 5
INFO:models.cross_validate_syntactic_experiment_8:Exp8: Loading precomputed features for ANLI/train/full
INFO:utils.database:Loading final features data from /scratch/jywu3/IS567FP/cache/parquet/ANLI_train_features_lexical_syntactic_full.parquet
INFO:models.cross_validate_syntactic_experiment_8:Exp8: Using 243 syntactic features for cross-validation.
INFO:models.cross_validate_syntactic_experiment_8:--- Running Cross-Validation for: SVM_Linear ---
