------------------------------------------------
SLURM Job ID: 2003185
SLURM Array Job ID: 2003051
SLURM Array Task ID: 29
Running on host: ccc0361.campuscluster.illinois.edu
Node allocated: ccc0361
Requested CPUs: 16
Requested Memory: M
Running Dataset: ANLI
Running Experiment: mnb_bow_syntactic_exp4
------------------------------------------------
Modules loaded.
Python environment 'IS567' activated.
OMP_NUM_THREADS set to 16
Changed directory to /u/jywu3/scratch/IS567FP
Starting Python script for ANLI / mnb_bow_syntactic_exp4 (Task ID 29)...
INFO:__main__:Running in train mode on ANLI dataset
INFO:__main__:Using device: cpu
INFO:__main__:Selected model type: mnb_bow_syntactic_exp4
INFO:__main__:Using sample size: 100
INFO:__main__:Initializing BaselineTrainer for model: mnb_bow_syntactic_exp4, dataset: ANLI
INFO:__main__:Starting training process...
INFO:models.baseline_trainer:Handling training for internally loading model: mnb_bow_syntactic_exp4
INFO:models.baseline_trainer:Initializing model: mnb_bow_syntactic_exp4
INFO:models.multinomial_naive_bayes_bow_syntactic_experiment_4:Starting Exp4 training for ANLI/train/sample100
INFO:models.multinomial_naive_bayes_bow_syntactic_experiment_4:Exp4: Loading data for ANLI/train (suffix: sample100)
WARNING:utils.database:No data found at intermediate path /scratch/jywu3/IS567FP/cache/parquet/ANLI/train/pairs_sample100.parquet or final path for table 'pairs_sample100'.
WARNING:utils.database:No data found at intermediate path /scratch/jywu3/IS567FP/cache/parquet/ANLI/train/sentences_sample100.parquet or final path for table 'sentences_sample100'.
ERROR:models.multinomial_naive_bayes_bow_syntactic_experiment_4:Exp4: Error loading/merging intermediate text data for ANLI/train/sample100: Intermediate data missing
Traceback (most recent call last):
  File "/scratch/jywu3/IS567FP/models/multinomial_naive_bayes_bow_syntactic_experiment_4.py", line 104, in _load_and_prepare_data
    if pairs_df.empty or sentences_df.empty: raise ValueError("Intermediate data missing")
                                             ^^^^^^^^^^^^^^^^^^^^^^^^^^^^^^^^^^^^^^^^^^^^^
ValueError: Intermediate data missing
WARNING:models.multinomial_naive_bayes_bow_syntactic_experiment_4:Attempting to save an untrained model or unfitted pipeline.
INFO:models.baseline_trainer:Starting evaluation: Model=mnb_bow_syntactic_exp4, Dataset=ANLI, Suffix=sample100
INFO:models.baseline_trainer:Loading mnb_bow_syntactic_exp4 model from base path /scratch/jywu3/IS567FP/saved_models/baseline_models/ANLI/mnb_bow_syntactic_exp4/sample100/ANLI_mnb_bow_syntactic_exp4_sample100 for evaluation...
INFO:models.multinomial_naive_bayes_bow_syntactic_experiment_4:Loading Exp4 model from /scratch/jywu3/IS567FP/saved_models/baseline_models/ANLI/mnb_bow_syntactic_exp4/sample100/ANLI_mnb_bow_syntactic_exp4_sample100_model.joblib, pipeline from /scratch/jywu3/IS567FP/saved_models/baseline_models/ANLI/mnb_bow_syntactic_exp4/sample100/ANLI_mnb_bow_syntactic_exp4_sample100_pipeline.joblib, metadata from /scratch/jywu3/IS567FP/saved_models/baseline_models/ANLI/mnb_bow_syntactic_exp4/sample100/ANLI_mnb_bow_syntactic_exp4_sample100_metadata.joblib
ERROR:models.baseline_trainer:Model artifacts not found for ANLI_mnb_bow_syntactic_exp4_sample100 at /scratch/jywu3/IS567FP/saved_models/baseline_models/ANLI/mnb_bow_syntactic_exp4/sample100/ANLI_mnb_bow_syntactic_exp4_sample100. Cannot evaluate.
INFO:__main__:Training finished. Results: {'mnb_bow_syntactic_exp4': {'error': 'Training data loading/preparation failed.'}}
Python script finished with exit code 0 for Task ID 29
------------------------------------------------
Job Task 29 finished.
Total Runtime: 9 seconds
------------------------------------------------
