------------------------------------------------
Initial SLURM_ARRAY_TASK_ID: '15'
Validated SLURM_ARRAY_TASK_ID: 15
------------------------------------------------
DEBUG: NUM_DATASETS=3, NUM_EXPERIMENTS=9, TOTAL_TASKS=27
------------------------------------------------
SLURM Job ID: 2175362
SLURM Array Job ID: 2175343
SLURM Array Task ID: 15 / 27
Running on host: ccc0359.campuscluster.illinois.edu
Node allocated: ccc0359
Requested CPUs: 16
Running Dataset: MNLI
Running Experiment (Model Type): experiment-3
Sample Size: 10000 (8000 train, 1000 validation, 1000 test)
------------------------------------------------
Modules loaded.
Python environment 'IS567' activated: /sw/apps/anaconda3/2024.10/bin/python
OMP_NUM_THREADS set to 16
Changed directory to /u/jywu3/scratch/IS567FP
Starting Python script for MNLI / experiment-3 (Task ID 15)...
2025-05-11 22:54:33,382 - datasets - INFO - [config.py:54] - PyTorch version 2.6.0+cu126 available.
2025-05-11 22:54:35,230 - __main__ - INFO - [main.py:47] - Running mode: train
2025-05-11 22:54:35,230 - __main__ - INFO - [main.py:48] - Selected model type: experiment-3
2025-05-11 22:54:35,230 - __main__ - INFO - [main.py:49] - Selected dataset: MNLI
2025-05-11 22:54:35,230 - __main__ - INFO - [main.py:50] - Using device: cpu
2025-05-11 22:54:35,230 - __main__ - INFO - [main.py:52] - Using sample size: 8000
2025-05-11 22:54:35,230 - __main__ - INFO - [main.py:92] - Starting training for model: experiment-3
2025-05-11 22:54:35,336 - models.base_experiment_trainer - INFO - [base_experiment_trainer.py:55] - Initialized ExperimentTrainer for model key: 'experiment-3', class: LogisticTFIDFSyntacticExperiment3, dataset: MNLI, suffix: sample8000
2025-05-11 22:54:35,336 - models.base_experiment_trainer - INFO - [base_experiment_trainer.py:71] - Initializing model instance for experiment-3 (LogisticTFIDFSyntacticExperiment3)
2025-05-11 22:54:35,336 - models.base_experiment_trainer - INFO - [base_experiment_trainer.py:93] - Model experiment-3 initialized successfully.
2025-05-11 22:54:35,336 - models.base_experiment_trainer - INFO - [base_experiment_trainer.py:107] - --- Loading Pre-computed Features for experiment-3 on MNLI (train/sample8000) ---
2025-05-11 22:54:35,336 - models.base_experiment_trainer - INFO - [base_experiment_trainer.py:115] - Loading pre-computed features using SimpleParquetLoader...
2025-05-11 22:54:35,336 - models.base_experiment_trainer - INFO - [base_experiment_trainer.py:128] - Attempting to load feature file matching: dataset='MNLI', split='train', suffix='sample8000'
2025-05-11 22:54:35,336 - models.baseline_base - INFO - [baseline_base.py:622] - SimpleParquetLoader: Searching for features in cache/parquet/MNLI/train for MNLI/train/sample8000
2025-05-11 22:54:35,367 - models.baseline_base - INFO - [baseline_base.py:685] - SimpleParquetLoader: Loading final features from: cache/parquet/MNLI/train/MNLI_train_features_stats_syntactic_sample8000.parquet
2025-05-11 22:54:35,388 - models.baseline_base - INFO - [baseline_base.py:687] - SimpleParquetLoader: Loaded 8000 rows from cache/parquet/MNLI/train/MNLI_train_features_stats_syntactic_sample8000.parquet
2025-05-11 22:54:35,389 - models.base_experiment_trainer - INFO - [base_experiment_trainer.py:153] - Loaded 8000 rows with 250 columns from pre-computed feature file.
2025-05-11 22:54:35,389 - models.base_experiment_trainer - INFO - [base_experiment_trainer.py:163] - Feature data cleaned. 8000 samples remaining.
2025-05-11 22:54:35,389 - models.base_experiment_trainer - INFO - [base_experiment_trainer.py:172] - Extracting/Selecting features using experiment-3.extract_features...
2025-05-11 22:54:35,389 - models.logistic_tfidf_syntactic_experiment_3 - INFO - [logistic_tfidf_syntactic_experiment_3.py:235] - Model not trained yet. Assuming training context: Building/Fitting pipeline...
2025-05-11 22:54:35,389 - models.logistic_tfidf_syntactic_experiment_3 - INFO - [logistic_tfidf_syntactic_experiment_3.py:151] - Building feature pipeline for Exp3...
2025-05-11 22:54:35,390 - models.logistic_tfidf_syntactic_experiment_3 - INFO - [logistic_tfidf_syntactic_experiment_3.py:174] - Identified 240 syntactic feature columns for pipeline.
2025-05-11 22:54:35,390 - models.logistic_tfidf_syntactic_experiment_3 - INFO - [logistic_tfidf_syntactic_experiment_3.py:209] - Feature pipeline built.
2025-05-11 22:54:35,390 - models.logistic_tfidf_syntactic_experiment_3 - INFO - [logistic_tfidf_syntactic_experiment_3.py:245] - Fitting feature pipeline and transforming training data...
2025-05-11 22:54:35,709 - models.logistic_tfidf_syntactic_experiment_3 - INFO - [logistic_tfidf_syntactic_experiment_3.py:78] - FeatureSelector fit: All 240 potential columns were found in the training data.
2025-05-11 22:54:35,773 - models.logistic_tfidf_syntactic_experiment_3 - INFO - [logistic_tfidf_syntactic_experiment_3.py:251] - Pipeline fit during training context successful.
2025-05-11 22:54:35,773 - models.logistic_tfidf_syntactic_experiment_3 - INFO - [logistic_tfidf_syntactic_experiment_3.py:260] - Pipeline fit & transform completed in 0.38s. Output shape: (8000, 10240)
2025-05-11 22:54:35,773 - models.base_experiment_trainer - INFO - [base_experiment_trainer.py:182] - Training features prepared. Shape: (8000, 10240)
2025-05-11 22:54:35,773 - models.base_experiment_trainer - INFO - [base_experiment_trainer.py:183] - Training labels prepared. Length: 8000
2025-05-11 22:54:35,867 - models.base_experiment_trainer - INFO - [base_experiment_trainer.py:194] - Data loading and preparation phase finished in 0.53s
2025-05-11 22:54:35,868 - models.base_experiment_trainer - INFO - [base_experiment_trainer.py:198] - --- Starting model training for experiment-3 on MNLI (sample8000) ---
2025-05-11 22:54:35,868 - models.logistic_tfidf_syntactic_experiment_3 - INFO - [logistic_tfidf_syntactic_experiment_3.py:319] - Training Logistic Regression classifier on processed data with shape: (8000, 10240)
2025-05-11 22:54:41,614 - models.logistic_tfidf_syntactic_experiment_3 - INFO - [logistic_tfidf_syntactic_experiment_3.py:326] - Logistic Regression classifier training completed successfully.
2025-05-11 22:54:41,615 - models.logistic_tfidf_syntactic_experiment_3 - INFO - [logistic_tfidf_syntactic_experiment_3.py:333] - Classifier training phase completed in 5.75s.
2025-05-11 22:54:41,615 - models.base_experiment_trainer - INFO - [base_experiment_trainer.py:217] - Model training phase for experiment-3 finished in 5.75s
2025-05-11 22:54:41,746 - models.base_experiment_trainer - INFO - [base_experiment_trainer.py:226] - Saving model experiment-3...
2025-05-11 22:54:41,746 - models.logistic_tfidf_syntactic_experiment_3 - INFO - [logistic_tfidf_syntactic_experiment_3.py:477] - Saving Exp3 model to /scratch/jywu3/IS567FP/saved_models/baseline_models/MNLI/experiment-3/sample8000/MNLI_experiment-3_sample8000_model.joblib
2025-05-11 22:54:41,746 - models.logistic_tfidf_syntactic_experiment_3 - INFO - [logistic_tfidf_syntactic_experiment_3.py:478] - Saving Exp3 pipeline to /scratch/jywu3/IS567FP/saved_models/baseline_models/MNLI/experiment-3/sample8000/MNLI_experiment-3_sample8000_pipeline.joblib
2025-05-11 22:54:41,746 - models.logistic_tfidf_syntactic_experiment_3 - INFO - [logistic_tfidf_syntactic_experiment_3.py:479] - Saving Exp3 metadata to /scratch/jywu3/IS567FP/saved_models/baseline_models/MNLI/experiment-3/sample8000/MNLI_experiment-3_sample8000_metadata.joblib
2025-05-11 22:54:42,011 - models.logistic_tfidf_syntactic_experiment_3 - INFO - [logistic_tfidf_syntactic_experiment_3.py:496] - Exp3 Model, Pipeline, and Metadata saved successfully.
2025-05-11 22:54:42,011 - models.base_experiment_trainer - INFO - [base_experiment_trainer.py:231] - Model experiment-3 saved in directory: /scratch/jywu3/IS567FP/saved_models/baseline_models/MNLI/experiment-3/sample8000 with base name: MNLI_experiment-3_sample8000
2025-05-11 22:54:42,012 - __main__ - INFO - [main.py:123] - Training completed. Results: {'experiment-3': {'status': 'trained', 'train_time': 5.74729061126709}}
Python script finished with exit code 0 for Task ID 15
------------------------------------------------
Job Task 15 finished.
Total Runtime: 13 seconds
------------------------------------------------
