------------------------------------------------
SLURM Job ID: 2005928
SLURM Array Job ID: 2003062
SLURM Array Task ID: 17
Running on host: ccc0293.campuscluster.illinois.edu
Node allocated: ccc0293
Requested CPUs: 16
Requested Memory: M
Running Dataset: MNLI
Running Experiment: logistic_tfidf_syntactic_exp3
------------------------------------------------
Modules loaded.
Python environment 'IS567' activated.
OMP_NUM_THREADS set to 16
Changed directory to /u/jywu3/scratch/IS567FP
Starting Python script for MNLI / logistic_tfidf_syntactic_exp3 (Task ID 17)...
INFO:__main__:Running in train mode on MNLI dataset
INFO:__main__:Using device: cpu
INFO:__main__:Selected model type: logistic_tfidf_syntactic_exp3
INFO:__main__:Processing full dataset (no sample size specified).
INFO:__main__:Initializing BaselineTrainer for model: logistic_tfidf_syntactic_exp3, dataset: MNLI
INFO:__main__:Starting training process...
INFO:models.baseline_trainer:Handling training for internally loading model: logistic_tfidf_syntactic_exp3
INFO:models.baseline_trainer:Initializing model: logistic_tfidf_syntactic_exp3
INFO:models.logistic_tfidf_syntactic_experiment_3:Starting Exp3 training for MNLI/train/full
INFO:models.logistic_tfidf_syntactic_experiment_3:Exp3: Loading data for MNLI/train (suffix: full)
INFO:utils.database:Loading intermediate data from /scratch/jywu3/IS567FP/cache/parquet/MNLI/train/pairs_full.parquet
INFO:utils.database:Loading intermediate data from /scratch/jywu3/IS567FP/cache/parquet/MNLI/train/sentences_full.parquet
INFO:models.logistic_tfidf_syntactic_experiment_3:Successfully loaded and merged text data. Shape: (392702, 4)
INFO:utils.database:Loading final features data from /scratch/jywu3/IS567FP/cache/parquet/MNLI_train_features_lexical_syntactic_full.parquet
INFO:models.logistic_tfidf_syntactic_experiment_3:Successfully loaded precomputed features. Shape: (392702, 293)
INFO:models.logistic_tfidf_syntactic_experiment_3:Merged text and features: 392702 rows.
INFO:models.logistic_tfidf_syntactic_experiment_3:Building feature pipeline...
INFO:models.logistic_tfidf_syntactic_experiment_3:Identified 245 syntactic feature columns for pipeline.
INFO:models.logistic_tfidf_syntactic_experiment_3:Feature pipeline built.
INFO:models.logistic_tfidf_syntactic_experiment_3:Fitting feature pipeline on training data...
INFO:models.logistic_tfidf_syntactic_experiment_3:FeatureSelector fit: All 245 potential columns were found in the training data.
INFO:models.logistic_tfidf_syntactic_experiment_3:Training data transformed. Shape: (392702, 10245)
INFO:models.logistic_tfidf_syntactic_experiment_3:Training Logistic Regression model...
INFO:models.logistic_tfidf_syntactic_experiment_3:Model training completed in 2084.43s.
INFO:models.logistic_tfidf_syntactic_experiment_3:Loading and evaluating on validation data: MNLI/validation/full
INFO:models.logistic_tfidf_syntactic_experiment_3:Exp3: Loading data for MNLI/validation (suffix: full)
INFO:utils.database:Loading intermediate data from /scratch/jywu3/IS567FP/cache/parquet/MNLI/validation/pairs_full.parquet
INFO:utils.database:Loading intermediate data from /scratch/jywu3/IS567FP/cache/parquet/MNLI/validation/sentences_full.parquet
INFO:models.logistic_tfidf_syntactic_experiment_3:Successfully loaded and merged text data. Shape: (9815, 4)
INFO:utils.database:Loading final features data from /scratch/jywu3/IS567FP/cache/parquet/MNLI_validation_features_lexical_syntactic_full.parquet
INFO:models.logistic_tfidf_syntactic_experiment_3:Successfully loaded precomputed features. Shape: (9815, 289)
INFO:models.logistic_tfidf_syntactic_experiment_3:Merged text and features: 9815 rows.
INFO:models.logistic_tfidf_syntactic_experiment_3:Transforming validation data...
WARNING:models.logistic_tfidf_syntactic_experiment_3:FeatureSelector transform: Columns {'premise_dep_deprel_goeswith', 'hypothesis_dep_deprel_list', 'diff_dep_deprel_goeswith', 'hypothesis_dep_deprel_reparandum'} (seen during fit) are missing in the data being transformed. Adding these columns with 0.
INFO:models.logistic_tfidf_syntactic_experiment_3:Evaluating model on validation data...
INFO:models.baseline_base:Evaluating model on 9815 samples...
INFO:models.baseline_base:Prediction finished in 0.00 seconds.
INFO:models.baseline_base:Evaluation Metrics - Accuracy: 0.5385, Precision: 0.5383, Recall: 0.5385, F1: 0.5378
INFO:models.logistic_tfidf_syntactic_experiment_3:Saving Exp3 model to /scratch/jywu3/IS567FP/saved_models/baseline_models/MNLI/logistic_tfidf_syntactic_exp3/full/MNLI_logistic_tfidf_syntactic_exp3_full_model.joblib
INFO:models.logistic_tfidf_syntactic_experiment_3:Saving Exp3 pipeline to /scratch/jywu3/IS567FP/saved_models/baseline_models/MNLI/logistic_tfidf_syntactic_exp3/full/MNLI_logistic_tfidf_syntactic_exp3_full_pipeline.joblib
INFO:models.logistic_tfidf_syntactic_experiment_3:Saving Exp3 metadata to /scratch/jywu3/IS567FP/saved_models/baseline_models/MNLI/logistic_tfidf_syntactic_exp3/full/MNLI_logistic_tfidf_syntactic_exp3_full_metadata.joblib
INFO:models.baseline_trainer:Starting evaluation: Model=logistic_tfidf_syntactic_exp3, Dataset=MNLI, Suffix=full
INFO:models.baseline_trainer:Loading logistic_tfidf_syntactic_exp3 model from base path /scratch/jywu3/IS567FP/saved_models/baseline_models/MNLI/logistic_tfidf_syntactic_exp3/full/MNLI_logistic_tfidf_syntactic_exp3_full for evaluation...
INFO:models.logistic_tfidf_syntactic_experiment_3:Loading Exp3 model from /scratch/jywu3/IS567FP/saved_models/baseline_models/MNLI/logistic_tfidf_syntactic_exp3/full/MNLI_logistic_tfidf_syntactic_exp3_full_model.joblib
INFO:models.logistic_tfidf_syntactic_experiment_3:Loading Exp3 pipeline from /scratch/jywu3/IS567FP/saved_models/baseline_models/MNLI/logistic_tfidf_syntactic_exp3/full/MNLI_logistic_tfidf_syntactic_exp3_full_pipeline.joblib
INFO:models.logistic_tfidf_syntactic_experiment_3:Loading Exp3 metadata from /scratch/jywu3/IS567FP/saved_models/baseline_models/MNLI/logistic_tfidf_syntactic_exp3/full/MNLI_logistic_tfidf_syntactic_exp3_full_metadata.joblib
INFO:models.logistic_tfidf_syntactic_experiment_3:Exp3 Model loaded successfully.
INFO:models.baseline_trainer:Triggering internal evaluation for logistic_tfidf_syntactic_exp3...
INFO:models.logistic_tfidf_syntactic_experiment_3:Exp3: Loading data for MNLI/test (suffix: full)
INFO:utils.database:Loading intermediate data from /scratch/jywu3/IS567FP/cache/parquet/MNLI/test/pairs_full.parquet
INFO:utils.database:Loading intermediate data from /scratch/jywu3/IS567FP/cache/parquet/MNLI/test/sentences_full.parquet
INFO:models.logistic_tfidf_syntactic_experiment_3:Successfully loaded and merged text data. Shape: (9832, 4)
INFO:utils.database:Loading final features data from /scratch/jywu3/IS567FP/cache/parquet/MNLI_test_features_lexical_syntactic_full.parquet
INFO:models.logistic_tfidf_syntactic_experiment_3:Successfully loaded precomputed features. Shape: (9832, 286)
INFO:models.logistic_tfidf_syntactic_experiment_3:Merged text and features: 9832 rows.
WARNING:models.logistic_tfidf_syntactic_experiment_3:FeatureSelector transform: Columns {'hypothesis_dep_deprel_csubj:outer', 'premise_dep_deprel_csubj:outer', 'hypothesis_dep_deprel_orphan', 'premise_dep_deprel_goeswith', 'diff_dep_deprel_goeswith', 'diff_dep_deprel_csubj:outer', 'hypothesis_dep_deprel_reparandum'} (seen during fit) are missing in the data being transformed. Adding these columns with 0.
INFO:models.baseline_base:Evaluating model on 9832 samples...
INFO:models.baseline_base:Prediction finished in 0.00 seconds.
INFO:models.baseline_base:Evaluation Metrics - Accuracy: 0.5502, Precision: 0.5513, Recall: 0.5502, F1: 0.5490
INFO:models.baseline_trainer:Evaluation results for logistic_tfidf_syntactic_exp3: {'accuracy': 0.5502441008950366, 'precision': 0.551315118367928, 'recall': 0.5502441008950366, 'f1': 0.5490026968347088}
INFO:__main__:Training finished. Results: {'logistic_tfidf_syntactic_exp3': {'train_time': 2084.4310171604156, 'accuracy': 0.5384615384615384, 'precision': 0.5382604974431088, 'recall': 0.5384615384615384, 'f1': 0.5377529100824007, 'eval_time': 0.004384279251098633}}
Python script finished with exit code 0 for Task ID 17
------------------------------------------------
Job Task 17 finished.
Total Runtime: 2112 seconds
------------------------------------------------
