------------------------------------------------
SLURM Job ID: 2003176
SLURM Array Job ID: 2003051
SLURM Array Task ID: 23
Running on host: ccc0361.campuscluster.illinois.edu
Node allocated: ccc0361
Requested CPUs: 16
Requested Memory: M
Running Dataset: ANLI
Running Experiment: svm
------------------------------------------------
Modules loaded.
Python environment 'IS567' activated.
OMP_NUM_THREADS set to 16
Changed directory to /u/jywu3/scratch/IS567FP
Starting Python script for ANLI / svm (Task ID 23)...
INFO:__main__:Running in train mode on ANLI dataset
INFO:__main__:Using device: cpu
INFO:__main__:Selected model type: svm
INFO:__main__:Using sample size: 100
INFO:__main__:Initializing BaselineTrainer for model: svm, dataset: ANLI
INFO:__main__:Starting training process...
INFO:models.baseline_trainer:Trainer loading data for svm on ANLI (sample100)
INFO:models.baseline_trainer:Loading precomputed features using base: features_lexical_syntactic_sample100
WARNING:utils.database:Final feature file not found at /scratch/jywu3/IS567FP/cache/parquet/ANLI_train_features_lexical_syntactic_sample100.parquet. Checking intermediate paths...
WARNING:utils.database:No data found at intermediate path /scratch/jywu3/IS567FP/cache/parquet/ANLI/train/ANLI_train_features_lexical_syntactic_sample100.parquet or final path for table 'ANLI_train_features_lexical_syntactic_sample100'.
WARNING:utils.database:Final feature file not found at /scratch/jywu3/IS567FP/cache/parquet/ANLI_validation_features_lexical_syntactic_sample100.parquet. Checking intermediate paths...
WARNING:utils.database:No data found at intermediate path /scratch/jywu3/IS567FP/cache/parquet/ANLI/validation/ANLI_validation_features_lexical_syntactic_sample100.parquet or final path for table 'ANLI_validation_features_lexical_syntactic_sample100'.
WARNING:utils.database:Final feature file not found at /scratch/jywu3/IS567FP/cache/parquet/ANLI_test_features_lexical_syntactic_sample100.parquet. Checking intermediate paths...
WARNING:utils.database:No data found at intermediate path /scratch/jywu3/IS567FP/cache/parquet/ANLI/test/ANLI_test_features_lexical_syntactic_sample100.parquet or final path for table 'ANLI_test_features_lexical_syntactic_sample100'.
ERROR:models.baseline_trainer:Training data could not be loaded. Aborting.
ERROR:__main__:Training run failed or produced no results.
Python script finished with exit code 0 for Task ID 23
------------------------------------------------
Job Task 23 finished.
Total Runtime: 8 seconds
------------------------------------------------
