------------------------------------------------
Initial SLURM_ARRAY_TASK_ID: '14'
Validated SLURM_ARRAY_TASK_ID: 14
------------------------------------------------
DEBUG: NUM_DATASETS=3, NUM_EXPERIMENTS=9, TOTAL_TASKS=27
------------------------------------------------
SLURM Job ID: 2174998
SLURM Array Job ID: 2174740
SLURM Array Task ID: 14 / 27
Running on host: ccc0291.campuscluster.illinois.edu
Node allocated: ccc0291
Requested CPUs: 16
Running Dataset: MNLI
Running Experiment (Model Type): experiment-2
Sample Size: 10000 (8000 train, 1000 validation, 1000 test)
------------------------------------------------
Modules loaded.
Python environment 'IS567' activated: /sw/apps/anaconda3/2024.10/bin/python
OMP_NUM_THREADS set to 16
Changed directory to /u/jywu3/scratch/IS567FP
Starting Python script for MNLI / experiment-2 (Task ID 14)...
2025-05-11 22:42:43,894 - datasets - INFO - [config.py:54] - PyTorch version 2.6.0+cu126 available.
2025-05-11 22:42:46,861 - __main__ - INFO - [main.py:47] - Running mode: train
2025-05-11 22:42:46,862 - __main__ - INFO - [main.py:48] - Selected model type: experiment-2
2025-05-11 22:42:46,862 - __main__ - INFO - [main.py:49] - Selected dataset: MNLI
2025-05-11 22:42:46,862 - __main__ - INFO - [main.py:50] - Using device: cpu
2025-05-11 22:42:46,862 - __main__ - INFO - [main.py:52] - Using sample size: 10000
2025-05-11 22:42:46,862 - __main__ - INFO - [main.py:92] - Starting training for model: experiment-2
2025-05-11 22:42:46,995 - models.base_experiment_trainer - INFO - [base_experiment_trainer.py:55] - Initialized ExperimentTrainer for model key: 'experiment-2', class: KnnBowSyntacticExperiment2, dataset: MNLI, suffix: sample10000
2025-05-11 22:42:46,995 - models.base_experiment_trainer - INFO - [base_experiment_trainer.py:71] - Initializing model instance for experiment-2 (KnnBowSyntacticExperiment2)
2025-05-11 22:42:46,995 - models.base_experiment_trainer - INFO - [base_experiment_trainer.py:93] - Model experiment-2 initialized successfully.
2025-05-11 22:42:46,995 - models.base_experiment_trainer - INFO - [base_experiment_trainer.py:107] - --- Loading Pre-computed Features for experiment-2 on MNLI (train/sample10000) ---
2025-05-11 22:42:46,995 - models.base_experiment_trainer - INFO - [base_experiment_trainer.py:115] - Loading pre-computed features using SimpleParquetLoader...
2025-05-11 22:42:46,995 - models.base_experiment_trainer - INFO - [base_experiment_trainer.py:128] - Attempting to load feature file matching: dataset='MNLI', split='train', suffix='sample10000'
2025-05-11 22:42:46,995 - models.baseline_base - INFO - [baseline_base.py:622] - SimpleParquetLoader: Searching for features in cache/parquet/MNLI/train for MNLI/train/sample10000
2025-05-11 22:42:49,471 - models.baseline_base - INFO - [baseline_base.py:685] - SimpleParquetLoader: Loading final features from: cache/parquet/MNLI/train/MNLI_train_features_stats_syntactic_full.parquet
2025-05-11 22:42:49,998 - models.baseline_base - INFO - [baseline_base.py:687] - SimpleParquetLoader: Loaded 392702 rows from cache/parquet/MNLI/train/MNLI_train_features_stats_syntactic_full.parquet
2025-05-11 22:42:49,998 - models.base_experiment_trainer - INFO - [base_experiment_trainer.py:153] - Loaded 392702 rows with 255 columns from pre-computed feature file.
2025-05-11 22:42:50,002 - models.base_experiment_trainer - INFO - [base_experiment_trainer.py:163] - Feature data cleaned. 392702 samples remaining.
2025-05-11 22:42:50,002 - models.base_experiment_trainer - INFO - [base_experiment_trainer.py:172] - Extracting/Selecting features using experiment-2.extract_features...
2025-05-11 22:42:50,002 - models.knn_bow_hand_crafted_syntactic_features_experiment_2 - INFO - [knn_bow_hand_crafted_syntactic_features_experiment_2.py:103] - Training Experiment 2: KNN + Syntactic Features: Storing 245 feature columns.
2025-05-11 22:42:50,136 - models.base_experiment_trainer - INFO - [base_experiment_trainer.py:182] - Training features prepared. Shape: (392702, 245)
2025-05-11 22:42:50,137 - models.base_experiment_trainer - INFO - [base_experiment_trainer.py:183] - Training labels prepared. Length: 392702
2025-05-11 22:42:50,226 - models.base_experiment_trainer - INFO - [base_experiment_trainer.py:194] - Data loading and preparation phase finished in 3.23s
2025-05-11 22:42:50,226 - models.base_experiment_trainer - INFO - [base_experiment_trainer.py:198] - --- Starting model training for experiment-2 on MNLI (sample10000) ---
2025-05-11 22:42:50,226 - models.knn_bow_hand_crafted_syntactic_features_experiment_2 - INFO - [knn_bow_hand_crafted_syntactic_features_experiment_2.py:157] - Training Experiment 2: KNN + Syntactic Features with 392702 samples and 245 features...
2025-05-11 22:42:50,950 - models.knn_bow_hand_crafted_syntactic_features_experiment_2 - INFO - [knn_bow_hand_crafted_syntactic_features_experiment_2.py:170] - Experiment 2: KNN + Syntactic Features training complete in 0.72 seconds.
2025-05-11 22:42:50,950 - models.base_experiment_trainer - INFO - [base_experiment_trainer.py:217] - Model training phase for experiment-2 finished in 0.72s
2025-05-11 22:42:51,041 - models.base_experiment_trainer - INFO - [base_experiment_trainer.py:226] - Saving model experiment-2...
2025-05-11 22:42:55,697 - models.knn_bow_hand_crafted_syntactic_features_experiment_2 - INFO - [knn_bow_hand_crafted_syntactic_features_experiment_2.py:329] - Experiment 2: KNN + Syntactic Features pipeline saved to /scratch/jywu3/IS567FP/saved_models/baseline_models/MNLI/experiment-2/sample10000/MNLI_experiment-2_sample10000_pipeline.joblib
2025-05-11 22:42:55,697 - models.knn_bow_hand_crafted_syntactic_features_experiment_2 - INFO - [knn_bow_hand_crafted_syntactic_features_experiment_2.py:330] - Experiment 2: KNN + Syntactic Features feature columns saved to /scratch/jywu3/IS567FP/saved_models/baseline_models/MNLI/experiment-2/sample10000/MNLI_experiment-2_sample10000_feature_cols.joblib
2025-05-11 22:42:55,697 - models.base_experiment_trainer - INFO - [base_experiment_trainer.py:231] - Model experiment-2 saved in directory: /scratch/jywu3/IS567FP/saved_models/baseline_models/MNLI/experiment-2/sample10000 with base name: MNLI_experiment-2_sample10000
2025-05-11 22:42:55,717 - __main__ - INFO - [main.py:123] - Training completed. Results: {'experiment-2': {'status': 'trained', 'train_time': 0.7243597507476807}}
Python script finished with exit code 0 for Task ID 14
------------------------------------------------
Job Task 14 finished.
Total Runtime: 17 seconds
------------------------------------------------
