------------------------------------------------
Initial SLURM_ARRAY_TASK_ID: '4'
Validated SLURM_ARRAY_TASK_ID: 4
------------------------------------------------
DEBUG: NUM_DATASETS=3, NUM_EXPERIMENTS=9, TOTAL_TASKS=27
------------------------------------------------
SLURM Job ID: 2174744
SLURM Array Job ID: 2174740
SLURM Array Task ID: 4 / 27
Running on host: ccc0366.campuscluster.illinois.edu
Node allocated: ccc0366
Requested CPUs: 16
Running Dataset: SNLI
Running Experiment (Model Type): experiment-1
Sample Size: 10000 (8000 train, 1000 validation, 1000 test)
------------------------------------------------
Modules loaded.
Python environment 'IS567' activated: /sw/apps/anaconda3/2024.10/bin/python
OMP_NUM_THREADS set to 16
Changed directory to /u/jywu3/scratch/IS567FP
Starting Python script for SNLI / experiment-1 (Task ID 4)...
2025-05-11 22:41:17,549 - datasets - INFO - [config.py:54] - PyTorch version 2.6.0+cu126 available.
2025-05-11 22:41:22,144 - __main__ - INFO - [main.py:47] - Running mode: train
2025-05-11 22:41:22,144 - __main__ - INFO - [main.py:48] - Selected model type: experiment-1
2025-05-11 22:41:22,144 - __main__ - INFO - [main.py:49] - Selected dataset: SNLI
2025-05-11 22:41:22,144 - __main__ - INFO - [main.py:50] - Using device: cpu
2025-05-11 22:41:22,144 - __main__ - INFO - [main.py:52] - Using sample size: 10000
2025-05-11 22:41:22,145 - __main__ - INFO - [main.py:92] - Starting training for model: experiment-1
2025-05-11 22:41:22,242 - models.base_experiment_trainer - INFO - [base_experiment_trainer.py:55] - Initialized ExperimentTrainer for model key: 'experiment-1', class: DecisionTreeSyntacticExperiment1, dataset: SNLI, suffix: sample10000
2025-05-11 22:41:22,242 - models.base_experiment_trainer - INFO - [base_experiment_trainer.py:71] - Initializing model instance for experiment-1 (DecisionTreeSyntacticExperiment1)
2025-05-11 22:41:22,242 - models.base_experiment_trainer - INFO - [base_experiment_trainer.py:93] - Model experiment-1 initialized successfully.
2025-05-11 22:41:22,242 - models.base_experiment_trainer - INFO - [base_experiment_trainer.py:107] - --- Loading Pre-computed Features for experiment-1 on SNLI (train/sample10000) ---
2025-05-11 22:41:22,242 - models.base_experiment_trainer - INFO - [base_experiment_trainer.py:115] - Loading pre-computed features using SimpleParquetLoader...
2025-05-11 22:41:22,242 - models.base_experiment_trainer - INFO - [base_experiment_trainer.py:128] - Attempting to load feature file matching: dataset='SNLI', split='train', suffix='sample10000'
2025-05-11 22:41:22,243 - models.baseline_base - INFO - [baseline_base.py:622] - SimpleParquetLoader: Searching for features in cache/parquet/SNLI/train for SNLI/train/sample10000
2025-05-11 22:41:24,533 - models.baseline_base - INFO - [baseline_base.py:685] - SimpleParquetLoader: Loading final features from: cache/parquet/SNLI/train/SNLI_train_features_stats_syntactic_full.parquet
2025-05-11 22:41:24,901 - models.baseline_base - INFO - [baseline_base.py:687] - SimpleParquetLoader: Loaded 549367 rows from cache/parquet/SNLI/train/SNLI_train_features_stats_syntactic_full.parquet
2025-05-11 22:41:24,901 - models.base_experiment_trainer - INFO - [base_experiment_trainer.py:153] - Loaded 549367 rows with 250 columns from pre-computed feature file.
2025-05-11 22:41:24,904 - models.base_experiment_trainer - INFO - [base_experiment_trainer.py:163] - Feature data cleaned. 549367 samples remaining.
2025-05-11 22:41:24,904 - models.base_experiment_trainer - INFO - [base_experiment_trainer.py:172] - Extracting/Selecting features using experiment-1.extract_features...
2025-05-11 22:41:24,904 - models.decision_tree_hand_crafted_syntactic_features_experiment_1 - INFO - [decision_tree_hand_crafted_syntactic_features_experiment_1.py:150] - Training Experiment 1: Decision Tree + Syntactic Features: Storing 240 feature columns.
2025-05-11 22:41:25,352 - models.base_experiment_trainer - INFO - [base_experiment_trainer.py:182] - Training features prepared. Shape: (549367, 240)
2025-05-11 22:41:25,352 - models.base_experiment_trainer - INFO - [base_experiment_trainer.py:183] - Training labels prepared. Length: 549367
2025-05-11 22:41:25,446 - models.base_experiment_trainer - INFO - [base_experiment_trainer.py:194] - Data loading and preparation phase finished in 3.20s
2025-05-11 22:41:25,446 - models.base_experiment_trainer - INFO - [base_experiment_trainer.py:198] - --- Starting model training for experiment-1 on SNLI (sample10000) ---
2025-05-11 22:41:25,446 - models.decision_tree_hand_crafted_syntactic_features_experiment_1 - INFO - [decision_tree_hand_crafted_syntactic_features_experiment_1.py:186] - Training Experiment 1: Decision Tree + Syntactic Features with 549367 samples and 240 features...
2025-05-11 22:41:56,521 - models.decision_tree_hand_crafted_syntactic_features_experiment_1 - INFO - [decision_tree_hand_crafted_syntactic_features_experiment_1.py:197] - Experiment 1: Decision Tree + Syntactic Features training complete in 31.07 seconds.
2025-05-11 22:41:56,522 - models.base_experiment_trainer - INFO - [base_experiment_trainer.py:217] - Model training phase for experiment-1 finished in 31.08s
2025-05-11 22:41:56,654 - models.base_experiment_trainer - INFO - [base_experiment_trainer.py:226] - Saving model experiment-1...
2025-05-11 22:41:57,001 - models.decision_tree_hand_crafted_syntactic_features_experiment_1 - INFO - [decision_tree_hand_crafted_syntactic_features_experiment_1.py:307] - Experiment 1: Decision Tree + Syntactic Features pipeline saved to /scratch/jywu3/IS567FP/saved_models/baseline_models/SNLI/experiment-1/sample10000/SNLI_experiment-1_sample10000_pipeline.joblib
2025-05-11 22:41:57,002 - models.decision_tree_hand_crafted_syntactic_features_experiment_1 - INFO - [decision_tree_hand_crafted_syntactic_features_experiment_1.py:308] - Experiment 1: Decision Tree + Syntactic Features feature columns saved to /scratch/jywu3/IS567FP/saved_models/baseline_models/SNLI/experiment-1/sample10000/SNLI_experiment-1_sample10000_feature_cols.joblib
2025-05-11 22:41:57,002 - models.base_experiment_trainer - INFO - [base_experiment_trainer.py:231] - Model experiment-1 saved in directory: /scratch/jywu3/IS567FP/saved_models/baseline_models/SNLI/experiment-1/sample10000 with base name: SNLI_experiment-1_sample10000
2025-05-11 22:41:57,047 - __main__ - INFO - [main.py:123] - Training completed. Results: {'experiment-1': {'status': 'trained', 'train_time': 31.07517695426941}}
Python script finished with exit code 0 for Task ID 4
------------------------------------------------
Job Task 4 finished.
Total Runtime: 49 seconds
------------------------------------------------
