------------------------------------------------
SLURM Job ID: 2006126
SLURM Array Job ID: 2003062
SLURM Array Task ID: 21
Running on host: ccc0364.campuscluster.illinois.edu
Node allocated: ccc0364
Requested CPUs: 16
Requested Memory: M
Running Dataset: MNLI
Running Experiment: cross_eval_syntactic_exp7
------------------------------------------------
Modules loaded.
Python environment 'IS567' activated.
OMP_NUM_THREADS set to 16
Changed directory to /u/jywu3/scratch/IS567FP
Starting Python script for MNLI / cross_eval_syntactic_exp7 (Task ID 21)...
INFO:__main__:Running in train mode on MNLI dataset
INFO:__main__:Using device: cpu
INFO:__main__:Selected model type: cross_eval_syntactic_exp7
INFO:__main__:Processing full dataset (no sample size specified).
INFO:__main__:Initializing special experiment runner for: cross_eval_syntactic_exp7, dataset: MNLI
INFO:__main__:Starting cross_eval_syntactic_exp7 run...
INFO:models.cross_eval_syntactic_experiment_7:===== Starting Experiment 7 for MNLI (full) =====
INFO:models.cross_eval_syntactic_experiment_7:Exp7: Loading precomputed features for MNLI/train/full
INFO:utils.database:Loading final features data from /scratch/jywu3/IS567FP/cache/parquet/MNLI_train_features_lexical_syntactic_full.parquet
INFO:models.cross_eval_syntactic_experiment_7:Exp7: Loading precomputed features for MNLI/validation/full
INFO:utils.database:Loading final features data from /scratch/jywu3/IS567FP/cache/parquet/MNLI_validation_features_lexical_syntactic_full.parquet
WARNING:models.cross_eval_syntactic_experiment_7:Adding 4 missing dependency columns to val_df: {'diff_dep_deprel_goeswith', 'premise_dep_deprel_goeswith', 'hypothesis_dep_deprel_reparandum', 'hypothesis_dep_deprel_list'}
INFO:models.cross_eval_syntactic_experiment_7:--- Training SVM (Dependency Features) ---
