------------------------------------------------
SLURM Job ID: 2003178
SLURM Array Job ID: 2003051
SLURM Array Task ID: 25
Running on host: ccc0361.campuscluster.illinois.edu
Node allocated: ccc0361
Requested CPUs: 16
Requested Memory: M
Running Dataset: ANLI
Running Experiment: mnb_bow
------------------------------------------------
Modules loaded.
Python environment 'IS567' activated.
OMP_NUM_THREADS set to 16
Changed directory to /u/jywu3/scratch/IS567FP
Starting Python script for ANLI / mnb_bow (Task ID 25)...
INFO:__main__:Running in train mode on ANLI dataset
INFO:__main__:Using device: cpu
INFO:__main__:Selected model type: mnb_bow
INFO:__main__:Using sample size: 100
INFO:__main__:Initializing BaselineTrainer for model: mnb_bow, dataset: ANLI
INFO:__main__:Starting training process...
INFO:models.baseline_trainer:Trainer loading data for mnb_bow on ANLI (sample100)
INFO:models.baseline_trainer:Loading raw text data for mnb_bow
INFO:models.baseline_base:Attempting to load intermediate raw text data: ANLI/train/sample100
WARNING:utils.database:No data found at intermediate path /scratch/jywu3/IS567FP/cache/parquet/ANLI/train/pairs_sample100.parquet or final path for table 'pairs_sample100'.
WARNING:utils.database:No data found at intermediate path /scratch/jywu3/IS567FP/cache/parquet/ANLI/train/sentences_sample100.parquet or final path for table 'sentences_sample100'.
WARNING:models.baseline_base:Intermediate data (pairs_sample100 or sentences_sample100) not found or empty. Falling back to original data loader.
WARNING:models.baseline_base:Executing fallback: Loading original raw data using DatasetLoader.
INFO:data.data_loader:Loading dataset: ANLI (HF: facebook/anli), Split: train
INFO:data.data_loader:Loading raw ANLI/train from DB table: raw_data_full
INFO:utils.database:Loading intermediate data from /scratch/jywu3/IS567FP/cache/parquet/ANLI/train/raw_data_full.parquet
INFO:data.data_loader:Loaded 162865 examples for ANLI/train
INFO:models.baseline_base:Fallback data loaded successfully. Shape: (162865, 8)
INFO:models.baseline_base:Attempting to load intermediate raw text data: ANLI/validation/sample100
WARNING:utils.database:No data found at intermediate path /scratch/jywu3/IS567FP/cache/parquet/ANLI/validation/pairs_sample100.parquet or final path for table 'pairs_sample100'.
WARNING:utils.database:No data found at intermediate path /scratch/jywu3/IS567FP/cache/parquet/ANLI/validation/sentences_sample100.parquet or final path for table 'sentences_sample100'.
WARNING:models.baseline_base:Intermediate data (pairs_sample100 or sentences_sample100) not found or empty. Falling back to original data loader.
WARNING:models.baseline_base:Executing fallback: Loading original raw data using DatasetLoader.
INFO:data.data_loader:Loading dataset: ANLI (HF: facebook/anli), Split: validation
INFO:data.data_loader:Loading raw ANLI/validation from DB table: raw_data_full
INFO:utils.database:Loading intermediate data from /scratch/jywu3/IS567FP/cache/parquet/ANLI/validation/raw_data_full.parquet
INFO:data.data_loader:Loaded 3200 examples for ANLI/validation
INFO:models.baseline_base:Fallback data loaded successfully. Shape: (3200, 8)
INFO:models.baseline_base:Attempting to load intermediate raw text data: ANLI/test/sample100
WARNING:utils.database:No data found at intermediate path /scratch/jywu3/IS567FP/cache/parquet/ANLI/test/pairs_sample100.parquet or final path for table 'pairs_sample100'.
WARNING:utils.database:No data found at intermediate path /scratch/jywu3/IS567FP/cache/parquet/ANLI/test/sentences_sample100.parquet or final path for table 'sentences_sample100'.
WARNING:models.baseline_base:Intermediate data (pairs_sample100 or sentences_sample100) not found or empty. Falling back to original data loader.
WARNING:models.baseline_base:Executing fallback: Loading original raw data using DatasetLoader.
INFO:data.data_loader:Loading dataset: ANLI (HF: facebook/anli), Split: test
INFO:data.data_loader:Loading raw ANLI/test from DB table: raw_data_full
INFO:utils.database:Loading intermediate data from /scratch/jywu3/IS567FP/cache/parquet/ANLI/test/raw_data_full.parquet
INFO:data.data_loader:Loaded 3200 examples for ANLI/test
INFO:models.baseline_base:Fallback data loaded successfully. Shape: (3200, 8)
INFO:models.baseline_trainer:Initializing model: mnb_bow
INFO:models.baseline_trainer:Handling mnb_bow. Using raw text data.
INFO:models.baseline_trainer:Fitting feature extractor...
INFO:models.baseline_base:Fitting CountVectorizer on 162865 combined texts...
INFO:models.baseline_base:CountVectorizer fitted. Vocabulary size: 10000
INFO:models.baseline_trainer:Transforming training data...
INFO:models.baseline_base:Training MultinomialNB with 162865 samples...
INFO:models.baseline_base:MultinomialNB training complete.
INFO:models.baseline_trainer:Evaluating on validation data...
INFO:models.baseline_base:Evaluating model on 3200 samples...
INFO:models.baseline_base:Prediction finished in 0.00 seconds.
INFO:models.baseline_base:Evaluation Metrics - Accuracy: 0.3303, Precision: 0.3269, Recall: 0.3303, F1: 0.3252
INFO:models.baseline_base:MultinomialNB model saved to /scratch/jywu3/IS567FP/saved_models/baseline_models/ANLI/mnb_bow/sample100/ANLI_mnb_bow_sample100_model.joblib
INFO:models.baseline_base:Feature extractor (BoWExtractor) saved to /scratch/jywu3/IS567FP/saved_models/baseline_models/ANLI/mnb_bow/sample100/ANLI_mnb_bow_sample100_extractor.joblib
INFO:models.baseline_trainer:Starting evaluation: Model=mnb_bow, Dataset=ANLI, Suffix=sample100
INFO:models.baseline_trainer:Loading mnb_bow model from base path /scratch/jywu3/IS567FP/saved_models/baseline_models/ANLI/mnb_bow/sample100/ANLI_mnb_bow_sample100 for evaluation...
INFO:models.baseline_base:MultinomialNaiveBayesBaseline loaded from /scratch/jywu3/IS567FP/saved_models/baseline_models/ANLI/mnb_bow/sample100 using base name ANLI_mnb_bow_sample100
INFO:models.baseline_trainer:Extracting features for evaluation...
INFO:models.baseline_base:Evaluating model on 3200 samples...
INFO:models.baseline_base:Prediction finished in 0.00 seconds.
INFO:models.baseline_base:Evaluation Metrics - Accuracy: 0.3444, Precision: 0.3415, Recall: 0.3444, F1: 0.3404
INFO:models.baseline_trainer:Evaluation results for mnb_bow: {'accuracy': 0.344375, 'precision': 0.34150007593541587, 'recall': 0.344375, 'f1': 0.3403835427469864}
INFO:__main__:Training finished. Results: {'mnb_bow': {'accuracy': 0.3303125, 'precision': 0.3268846988977102, 'recall': 0.3303125, 'f1': 0.3251685142413187, 'eval_time': 0.0008676052093505859, 'train_time': 0.027459144592285156}}
Python script finished with exit code 0 for Task ID 25
------------------------------------------------
Job Task 25 finished.
Total Runtime: 26 seconds
------------------------------------------------
