------------------------------------------------
Initial SLURM_ARRAY_TASK_ID: '13'
Validated SLURM_ARRAY_TASK_ID: 13
------------------------------------------------
DEBUG: NUM_DATASETS=3, NUM_EXPERIMENTS=9, TOTAL_TASKS=27
------------------------------------------------
SLURM Job ID: 2174997
SLURM Array Job ID: 2174740
SLURM Array Task ID: 13 / 27
Running on host: ccc0290.campuscluster.illinois.edu
Node allocated: ccc0290
Requested CPUs: 16
Running Dataset: MNLI
Running Experiment (Model Type): experiment-1
Sample Size: 10000 (8000 train, 1000 validation, 1000 test)
------------------------------------------------
Modules loaded.
Python environment 'IS567' activated: /sw/apps/anaconda3/2024.10/bin/python
OMP_NUM_THREADS set to 16
Changed directory to /u/jywu3/scratch/IS567FP
Starting Python script for MNLI / experiment-1 (Task ID 13)...
2025-05-11 22:42:43,567 - datasets - INFO - [config.py:54] - PyTorch version 2.6.0+cu126 available.
2025-05-11 22:42:46,452 - __main__ - INFO - [main.py:47] - Running mode: train
2025-05-11 22:42:46,452 - __main__ - INFO - [main.py:48] - Selected model type: experiment-1
2025-05-11 22:42:46,452 - __main__ - INFO - [main.py:49] - Selected dataset: MNLI
2025-05-11 22:42:46,452 - __main__ - INFO - [main.py:50] - Using device: cpu
2025-05-11 22:42:46,452 - __main__ - INFO - [main.py:52] - Using sample size: 10000
2025-05-11 22:42:46,452 - __main__ - INFO - [main.py:92] - Starting training for model: experiment-1
2025-05-11 22:42:46,457 - models.base_experiment_trainer - INFO - [base_experiment_trainer.py:55] - Initialized ExperimentTrainer for model key: 'experiment-1', class: DecisionTreeSyntacticExperiment1, dataset: MNLI, suffix: sample10000
2025-05-11 22:42:46,457 - models.base_experiment_trainer - INFO - [base_experiment_trainer.py:71] - Initializing model instance for experiment-1 (DecisionTreeSyntacticExperiment1)
2025-05-11 22:42:46,457 - models.base_experiment_trainer - INFO - [base_experiment_trainer.py:93] - Model experiment-1 initialized successfully.
2025-05-11 22:42:46,457 - models.base_experiment_trainer - INFO - [base_experiment_trainer.py:107] - --- Loading Pre-computed Features for experiment-1 on MNLI (train/sample10000) ---
2025-05-11 22:42:46,457 - models.base_experiment_trainer - INFO - [base_experiment_trainer.py:115] - Loading pre-computed features using SimpleParquetLoader...
2025-05-11 22:42:46,457 - models.base_experiment_trainer - INFO - [base_experiment_trainer.py:128] - Attempting to load feature file matching: dataset='MNLI', split='train', suffix='sample10000'
2025-05-11 22:42:46,457 - models.baseline_base - INFO - [baseline_base.py:622] - SimpleParquetLoader: Searching for features in cache/parquet/MNLI/train for MNLI/train/sample10000
2025-05-11 22:42:49,289 - models.baseline_base - INFO - [baseline_base.py:685] - SimpleParquetLoader: Loading final features from: cache/parquet/MNLI/train/MNLI_train_features_stats_syntactic_full.parquet
2025-05-11 22:42:49,699 - models.baseline_base - INFO - [baseline_base.py:687] - SimpleParquetLoader: Loaded 392702 rows from cache/parquet/MNLI/train/MNLI_train_features_stats_syntactic_full.parquet
2025-05-11 22:42:49,699 - models.base_experiment_trainer - INFO - [base_experiment_trainer.py:153] - Loaded 392702 rows with 255 columns from pre-computed feature file.
2025-05-11 22:42:49,702 - models.base_experiment_trainer - INFO - [base_experiment_trainer.py:163] - Feature data cleaned. 392702 samples remaining.
2025-05-11 22:42:49,702 - models.base_experiment_trainer - INFO - [base_experiment_trainer.py:172] - Extracting/Selecting features using experiment-1.extract_features...
2025-05-11 22:42:49,702 - models.decision_tree_hand_crafted_syntactic_features_experiment_1 - INFO - [decision_tree_hand_crafted_syntactic_features_experiment_1.py:150] - Training Experiment 1: Decision Tree + Syntactic Features: Storing 245 feature columns.
2025-05-11 22:42:50,082 - models.base_experiment_trainer - INFO - [base_experiment_trainer.py:182] - Training features prepared. Shape: (392702, 245)
2025-05-11 22:42:50,083 - models.base_experiment_trainer - INFO - [base_experiment_trainer.py:183] - Training labels prepared. Length: 392702
2025-05-11 22:42:50,181 - models.base_experiment_trainer - INFO - [base_experiment_trainer.py:194] - Data loading and preparation phase finished in 3.72s
2025-05-11 22:42:50,181 - models.base_experiment_trainer - INFO - [base_experiment_trainer.py:198] - --- Starting model training for experiment-1 on MNLI (sample10000) ---
2025-05-11 22:42:50,181 - models.decision_tree_hand_crafted_syntactic_features_experiment_1 - INFO - [decision_tree_hand_crafted_syntactic_features_experiment_1.py:186] - Training Experiment 1: Decision Tree + Syntactic Features with 392702 samples and 245 features...
2025-05-11 22:43:20,867 - models.decision_tree_hand_crafted_syntactic_features_experiment_1 - INFO - [decision_tree_hand_crafted_syntactic_features_experiment_1.py:197] - Experiment 1: Decision Tree + Syntactic Features training complete in 30.69 seconds.
2025-05-11 22:43:20,867 - models.base_experiment_trainer - INFO - [base_experiment_trainer.py:217] - Model training phase for experiment-1 finished in 30.69s
2025-05-11 22:43:20,999 - models.base_experiment_trainer - INFO - [base_experiment_trainer.py:226] - Saving model experiment-1...
2025-05-11 22:43:21,375 - models.decision_tree_hand_crafted_syntactic_features_experiment_1 - INFO - [decision_tree_hand_crafted_syntactic_features_experiment_1.py:307] - Experiment 1: Decision Tree + Syntactic Features pipeline saved to /scratch/jywu3/IS567FP/saved_models/baseline_models/MNLI/experiment-1/sample10000/MNLI_experiment-1_sample10000_pipeline.joblib
2025-05-11 22:43:21,375 - models.decision_tree_hand_crafted_syntactic_features_experiment_1 - INFO - [decision_tree_hand_crafted_syntactic_features_experiment_1.py:308] - Experiment 1: Decision Tree + Syntactic Features feature columns saved to /scratch/jywu3/IS567FP/saved_models/baseline_models/MNLI/experiment-1/sample10000/MNLI_experiment-1_sample10000_feature_cols.joblib
2025-05-11 22:43:21,375 - models.base_experiment_trainer - INFO - [base_experiment_trainer.py:231] - Model experiment-1 saved in directory: /scratch/jywu3/IS567FP/saved_models/baseline_models/MNLI/experiment-1/sample10000 with base name: MNLI_experiment-1_sample10000
2025-05-11 22:43:21,451 - __main__ - INFO - [main.py:123] - Training completed. Results: {'experiment-1': {'status': 'trained', 'train_time': 30.685781002044678}}
Python script finished with exit code 0 for Task ID 13
------------------------------------------------
Job Task 13 finished.
Total Runtime: 43 seconds
------------------------------------------------
