------------------------------------------------
SLURM Job ID: 2004752
SLURM Array Job ID: 2003062
SLURM Array Task ID: 8
Running on host: ccc0288.campuscluster.illinois.edu
Node allocated: ccc0288
Requested CPUs: 16
Requested Memory: M
Running Dataset: SNLI
Running Experiment: random_forest_bow_syntactic_exp5
------------------------------------------------
Modules loaded.
Python environment 'IS567' activated.
OMP_NUM_THREADS set to 16
Changed directory to /u/jywu3/scratch/IS567FP
Starting Python script for SNLI / random_forest_bow_syntactic_exp5 (Task ID 8)...
INFO:__main__:Running in train mode on SNLI dataset
INFO:__main__:Using device: cpu
INFO:__main__:Selected model type: random_forest_bow_syntactic_exp5
INFO:__main__:Processing full dataset (no sample size specified).
INFO:__main__:Initializing BaselineTrainer for model: random_forest_bow_syntactic_exp5, dataset: SNLI
INFO:__main__:Starting training process...
INFO:models.baseline_trainer:Handling training for internally loading model: random_forest_bow_syntactic_exp5
INFO:models.baseline_trainer:Initializing model: random_forest_bow_syntactic_exp5
INFO:models.random_forest_bow_syntactic_experiment_5:Initializing Experiment 5 Random Forest (n_estimators=100, max_depth=None)
INFO:models.random_forest_bow_syntactic_experiment_5:Starting Exp5 training for SNLI/train/full
INFO:models.random_forest_bow_syntactic_experiment_5:Exp5: Loading features for SNLI/train/full
INFO:utils.database:Loading final features data from /scratch/jywu3/IS567FP/cache/parquet/SNLI_train_features_lexical_syntactic_full.parquet
INFO:models.random_forest_bow_syntactic_experiment_5:Extracting features from training data...
INFO:models.random_forest_bow_syntactic_experiment_5:Experiment 5: Storing 286 feature columns for training.
INFO:models.random_forest_bow_syntactic_experiment_5:Training features extracted. Shape: (549367, 286)
INFO:models.random_forest_bow_syntactic_experiment_5:Training Random Forest model...
INFO:models.random_forest_bow_syntactic_experiment_5:Model training completed in 47.08s.
INFO:models.random_forest_bow_syntactic_experiment_5:Loading and evaluating on validation data: SNLI/validation/full
INFO:models.random_forest_bow_syntactic_experiment_5:Exp5: Loading features for SNLI/validation/full
INFO:utils.database:Loading final features data from /scratch/jywu3/IS567FP/cache/parquet/SNLI_validation_features_lexical_syntactic_full.parquet
INFO:models.random_forest_bow_syntactic_experiment_5:Extracting features from validation data...
WARNING:models.random_forest_bow_syntactic_experiment_5:Combined BoW+Syntactic extractor: Missing columns {'hypothesis_dep_deprel_list', 'hypothesis_dep_deprel_csubj:pass', 'hypothesis_dep_pos_X', 'hypothesis_dep_deprel_csubj:outer', 'premise_dep_deprel_dep', 'diff_dep_pos_X', 'premise_dep_deprel_vocative', 'diff_dep_deprel_list', 'hypothesis_dep_deprel_orphan', 'diff_dep_deprel_csubj:outer', 'diff_dep_deprel_csubj:pass', 'hypothesis_dep_deprel_dislocated', 'premise_dep_pos_X', 'premise_dep_deprel_nsubj:outer'} during extraction. Filling with 0.
INFO:models.random_forest_bow_syntactic_experiment_5:Evaluating model on validation data...
INFO:models.baseline_base:Evaluating model on 9842 samples...
INFO:models.baseline_base:Prediction finished in 0.08 seconds.
INFO:models.baseline_base:Evaluation Metrics - Accuracy: 0.5866, Precision: 0.5854, Recall: 0.5866, F1: 0.5858
INFO:models.random_forest_bow_syntactic_experiment_5:Saving Experiment 5 Random Forest model state to /scratch/jywu3/IS567FP/saved_models/baseline_models/SNLI/random_forest_bow_syntactic_exp5/full/SNLI_random_forest_bow_syntactic_exp5_full.joblib
INFO:models.random_forest_bow_syntactic_experiment_5:Successfully saved model data to /scratch/jywu3/IS567FP/saved_models/baseline_models/SNLI/random_forest_bow_syntactic_exp5/full/SNLI_random_forest_bow_syntactic_exp5_full.joblib
INFO:models.baseline_trainer:Starting evaluation: Model=random_forest_bow_syntactic_exp5, Dataset=SNLI, Suffix=full
INFO:models.baseline_trainer:Loading random_forest_bow_syntactic_exp5 model from base path /scratch/jywu3/IS567FP/saved_models/baseline_models/SNLI/random_forest_bow_syntactic_exp5/full/SNLI_random_forest_bow_syntactic_exp5_full for evaluation...
INFO:models.random_forest_bow_syntactic_experiment_5:Loading Experiment 5 Random Forest model state from /scratch/jywu3/IS567FP/saved_models/baseline_models/SNLI/random_forest_bow_syntactic_exp5/full/SNLI_random_forest_bow_syntactic_exp5_full.joblib
INFO:models.random_forest_bow_syntactic_experiment_5:Initializing Experiment 5 Random Forest (n_estimators=100, max_depth=None)
INFO:models.random_forest_bow_syntactic_experiment_5:Successfully loaded Experiment 5 Random Forest model. Trained: True
INFO:models.baseline_trainer:Triggering internal evaluation for random_forest_bow_syntactic_exp5...
INFO:models.random_forest_bow_syntactic_experiment_5:Exp5: Loading features for SNLI/test/full
INFO:utils.database:Loading final features data from /scratch/jywu3/IS567FP/cache/parquet/SNLI_test_features_lexical_syntactic_full.parquet
WARNING:models.random_forest_bow_syntactic_experiment_5:Combined BoW+Syntactic extractor: Missing columns {'premise_dep_pos_SYM', 'hypothesis_dep_deprel_list', 'hypothesis_dep_deprel_csubj:pass', 'premise_dep_deprel_dislocated', 'diff_dep_deprel_list', 'hypothesis_dep_deprel_orphan', 'diff_dep_deprel_csubj:pass', 'premise_dep_pos_X'} during extraction. Filling with 0.
INFO:models.baseline_base:Evaluating model on 9824 samples...
INFO:models.baseline_base:Prediction finished in 0.22 seconds.
INFO:models.baseline_base:Evaluation Metrics - Accuracy: 0.5895, Precision: 0.5884, Recall: 0.5895, F1: 0.5887
INFO:models.baseline_trainer:Evaluation results for random_forest_bow_syntactic_exp5: {'accuracy': 0.5894747557003257, 'precision': 0.5883562379924983, 'recall': 0.5894747557003257, 'f1': 0.5887270045895079}
INFO:__main__:Training finished. Results: {'random_forest_bow_syntactic_exp5': {'train_time': 47.0805766582489, 'accuracy': 0.5865677707782971, 'precision': 0.585440213835983, 'recall': 0.5865677707782971, 'f1': 0.5857717188387028, 'eval_time': 0.08323431015014648}}
Python script finished with exit code 0 for Task ID 8
------------------------------------------------
Job Task 8 finished.
Total Runtime: 108 seconds
------------------------------------------------
