------------------------------------------------
SLURM Job ID: 2003195
SLURM Array Job ID: 2003062
SLURM Array Task ID: 2
Running on host: ccc0367.campuscluster.illinois.edu
Node allocated: ccc0367
Requested CPUs: 16
Requested Memory: M
Running Dataset: SNLI
Running Experiment: logistic_tfidf
------------------------------------------------
Modules loaded.
Python environment 'IS567' activated.
OMP_NUM_THREADS set to 16
Changed directory to /u/jywu3/scratch/IS567FP
Starting Python script for SNLI / logistic_tfidf (Task ID 2)...
INFO:__main__:Running in train mode on SNLI dataset
INFO:__main__:Using device: cpu
INFO:__main__:Selected model type: logistic_tfidf
INFO:__main__:Processing full dataset (no sample size specified).
INFO:__main__:Initializing BaselineTrainer for model: logistic_tfidf, dataset: SNLI
INFO:__main__:Starting training process...
INFO:models.baseline_trainer:Trainer loading data for logistic_tfidf on SNLI (full)
INFO:models.baseline_trainer:Loading raw text data for logistic_tfidf
INFO:models.baseline_base:Attempting to load intermediate raw text data: SNLI/train/full
INFO:utils.database:Loading intermediate data from /scratch/jywu3/IS567FP/cache/parquet/SNLI/train/pairs_full.parquet
INFO:utils.database:Loading intermediate data from /scratch/jywu3/IS567FP/cache/parquet/SNLI/train/sentences_full.parquet
INFO:models.baseline_base:Merging intermediate pairs and sentences data...
INFO:models.baseline_base:Successfully loaded and merged intermediate data. Shape after merge: (549367, 4)
INFO:models.baseline_base:Attempting to load intermediate raw text data: SNLI/validation/full
INFO:utils.database:Loading intermediate data from /scratch/jywu3/IS567FP/cache/parquet/SNLI/validation/pairs_full.parquet
INFO:utils.database:Loading intermediate data from /scratch/jywu3/IS567FP/cache/parquet/SNLI/validation/sentences_full.parquet
INFO:models.baseline_base:Merging intermediate pairs and sentences data...
INFO:models.baseline_base:Successfully loaded and merged intermediate data. Shape after merge: (9842, 4)
INFO:models.baseline_base:Attempting to load intermediate raw text data: SNLI/test/full
INFO:utils.database:Loading intermediate data from /scratch/jywu3/IS567FP/cache/parquet/SNLI/test/pairs_full.parquet
INFO:utils.database:Loading intermediate data from /scratch/jywu3/IS567FP/cache/parquet/SNLI/test/sentences_full.parquet
INFO:models.baseline_base:Merging intermediate pairs and sentences data...
INFO:models.baseline_base:Successfully loaded and merged intermediate data. Shape after merge: (9824, 4)
INFO:models.baseline_trainer:Initializing model: logistic_tfidf
INFO:models.baseline_trainer:Handling logistic_tfidf. Using raw text data.
INFO:models.baseline_trainer:Fitting feature extractor...
INFO:models.baseline_base:Fitting TfidfVectorizer on 549367 combined texts...
INFO:models.baseline_base:TfidfVectorizer fitted. Vocabulary size: 10000
INFO:models.baseline_trainer:Transforming training data...
/var/spool/slurmd/job2003195/slurm_script: line 96: 3622511 Killed                  python -u main.py --dataset "$CURRENT_DATASET" --mode train --model_type "$CURRENT_EXPERIMENT"
Python script finished with exit code 137 for Task ID 2
------------------------------------------------
Job Task 2 finished.
Total Runtime: 67 seconds
------------------------------------------------
slurmstepd: error: Detected 1 oom_kill event in StepId=2003195.batch. Some of the step tasks have been OOM Killed.
