------------------------------------------------
Initial SLURM_ARRAY_TASK_ID: '23'
Validated SLURM_ARRAY_TASK_ID: 23
------------------------------------------------
DEBUG: NUM_DATASETS=3, NUM_EXPERIMENTS=9, TOTAL_TASKS=27
------------------------------------------------
SLURM Job ID: 2175380
SLURM Array Job ID: 2175343
SLURM Array Task ID: 23 / 27
Running on host: ccc0353.campuscluster.illinois.edu
Node allocated: ccc0353
Requested CPUs: 16
Running Dataset: ANLI
Running Experiment (Model Type): experiment-2
Sample Size: 10000 (8000 train, 1000 validation, 1000 test)
------------------------------------------------
Modules loaded.
Python environment 'IS567' activated: /sw/apps/anaconda3/2024.10/bin/python
OMP_NUM_THREADS set to 16
Changed directory to /u/jywu3/scratch/IS567FP
Starting Python script for ANLI / experiment-2 (Task ID 23)...
2025-05-11 22:56:57,611 - datasets - INFO - [config.py:54] - PyTorch version 2.6.0+cu126 available.
2025-05-11 22:57:02,190 - __main__ - INFO - [main.py:47] - Running mode: train
2025-05-11 22:57:02,190 - __main__ - INFO - [main.py:48] - Selected model type: experiment-2
2025-05-11 22:57:02,190 - __main__ - INFO - [main.py:49] - Selected dataset: ANLI
2025-05-11 22:57:02,190 - __main__ - INFO - [main.py:50] - Using device: cpu
2025-05-11 22:57:02,190 - __main__ - INFO - [main.py:52] - Using sample size: 8000
2025-05-11 22:57:02,190 - __main__ - INFO - [main.py:92] - Starting training for model: experiment-2
2025-05-11 22:57:02,252 - models.base_experiment_trainer - INFO - [base_experiment_trainer.py:55] - Initialized ExperimentTrainer for model key: 'experiment-2', class: KnnBowSyntacticExperiment2, dataset: ANLI, suffix: sample8000
2025-05-11 22:57:02,252 - models.base_experiment_trainer - INFO - [base_experiment_trainer.py:71] - Initializing model instance for experiment-2 (KnnBowSyntacticExperiment2)
2025-05-11 22:57:02,252 - models.base_experiment_trainer - INFO - [base_experiment_trainer.py:93] - Model experiment-2 initialized successfully.
2025-05-11 22:57:02,252 - models.base_experiment_trainer - INFO - [base_experiment_trainer.py:107] - --- Loading Pre-computed Features for experiment-2 on ANLI (train/sample8000) ---
2025-05-11 22:57:02,252 - models.base_experiment_trainer - INFO - [base_experiment_trainer.py:115] - Loading pre-computed features using SimpleParquetLoader...
2025-05-11 22:57:02,252 - models.base_experiment_trainer - INFO - [base_experiment_trainer.py:128] - Attempting to load feature file matching: dataset='ANLI', split='train', suffix='sample8000'
2025-05-11 22:57:02,253 - models.baseline_base - INFO - [baseline_base.py:622] - SimpleParquetLoader: Searching for features in cache/parquet/ANLI/train for ANLI/train/sample8000
2025-05-11 22:57:02,345 - models.baseline_base - INFO - [baseline_base.py:685] - SimpleParquetLoader: Loading final features from: cache/parquet/ANLI/train/ANLI_train_features_stats_syntactic_sample8000.parquet
2025-05-11 22:57:02,374 - models.baseline_base - INFO - [baseline_base.py:687] - SimpleParquetLoader: Loaded 9200 rows from cache/parquet/ANLI/train/ANLI_train_features_stats_syntactic_sample8000.parquet
2025-05-11 22:57:02,374 - models.base_experiment_trainer - INFO - [base_experiment_trainer.py:153] - Loaded 9200 rows with 252 columns from pre-computed feature file.
2025-05-11 22:57:02,375 - models.base_experiment_trainer - INFO - [base_experiment_trainer.py:163] - Feature data cleaned. 9200 samples remaining.
2025-05-11 22:57:02,375 - models.base_experiment_trainer - INFO - [base_experiment_trainer.py:172] - Extracting/Selecting features using experiment-2.extract_features...
2025-05-11 22:57:02,375 - models.knn_bow_hand_crafted_syntactic_features_experiment_2 - INFO - [knn_bow_hand_crafted_syntactic_features_experiment_2.py:103] - Training Experiment 2: KNN + Syntactic Features: Storing 242 feature columns.
2025-05-11 22:57:02,387 - models.base_experiment_trainer - INFO - [base_experiment_trainer.py:182] - Training features prepared. Shape: (9200, 242)
2025-05-11 22:57:02,387 - models.base_experiment_trainer - INFO - [base_experiment_trainer.py:183] - Training labels prepared. Length: 9200
2025-05-11 22:57:02,480 - models.base_experiment_trainer - INFO - [base_experiment_trainer.py:194] - Data loading and preparation phase finished in 0.23s
2025-05-11 22:57:02,481 - models.base_experiment_trainer - INFO - [base_experiment_trainer.py:198] - --- Starting model training for experiment-2 on ANLI (sample8000) ---
2025-05-11 22:57:02,481 - models.knn_bow_hand_crafted_syntactic_features_experiment_2 - INFO - [knn_bow_hand_crafted_syntactic_features_experiment_2.py:157] - Training Experiment 2: KNN + Syntactic Features with 9200 samples and 242 features...
2025-05-11 22:57:02,500 - models.knn_bow_hand_crafted_syntactic_features_experiment_2 - INFO - [knn_bow_hand_crafted_syntactic_features_experiment_2.py:170] - Experiment 2: KNN + Syntactic Features training complete in 0.02 seconds.
2025-05-11 22:57:02,500 - models.base_experiment_trainer - INFO - [base_experiment_trainer.py:217] - Model training phase for experiment-2 finished in 0.02s
2025-05-11 22:57:02,594 - models.base_experiment_trainer - INFO - [base_experiment_trainer.py:226] - Saving model experiment-2...
2025-05-11 22:57:03,187 - models.knn_bow_hand_crafted_syntactic_features_experiment_2 - INFO - [knn_bow_hand_crafted_syntactic_features_experiment_2.py:329] - Experiment 2: KNN + Syntactic Features pipeline saved to /scratch/jywu3/IS567FP/saved_models/baseline_models/ANLI/experiment-2/sample8000/ANLI_experiment-2_sample8000_pipeline.joblib
2025-05-11 22:57:03,187 - models.knn_bow_hand_crafted_syntactic_features_experiment_2 - INFO - [knn_bow_hand_crafted_syntactic_features_experiment_2.py:330] - Experiment 2: KNN + Syntactic Features feature columns saved to /scratch/jywu3/IS567FP/saved_models/baseline_models/ANLI/experiment-2/sample8000/ANLI_experiment-2_sample8000_feature_cols.joblib
2025-05-11 22:57:03,187 - models.base_experiment_trainer - INFO - [base_experiment_trainer.py:231] - Model experiment-2 saved in directory: /scratch/jywu3/IS567FP/saved_models/baseline_models/ANLI/experiment-2/sample8000 with base name: ANLI_experiment-2_sample8000
2025-05-11 22:57:03,188 - __main__ - INFO - [main.py:123] - Training completed. Results: {'experiment-2': {'status': 'trained', 'train_time': 0.019614696502685547}}
Python script finished with exit code 0 for Task ID 23
------------------------------------------------
Job Task 23 finished.
Total Runtime: 19 seconds
------------------------------------------------
