------------------------------------------------
SLURM Job ID: 2003171
SLURM Array Job ID: 2003051
SLURM Array Task ID: 20
Running on host: ccc0361.campuscluster.illinois.edu
Node allocated: ccc0361
Requested CPUs: 16
Requested Memory: M
Running Dataset: MNLI
Running Experiment: gradient_boosting_tfidf_syntactic_exp6
------------------------------------------------
Modules loaded.
Python environment 'IS567' activated.
OMP_NUM_THREADS set to 16
Changed directory to /u/jywu3/scratch/IS567FP
Starting Python script for MNLI / gradient_boosting_tfidf_syntactic_exp6 (Task ID 20)...
INFO:__main__:Running in train mode on MNLI dataset
INFO:__main__:Using device: cpu
INFO:__main__:Selected model type: gradient_boosting_tfidf_syntactic_exp6
INFO:__main__:Using sample size: 100
INFO:__main__:Initializing BaselineTrainer for model: gradient_boosting_tfidf_syntactic_exp6, dataset: MNLI
INFO:__main__:Starting training process...
INFO:models.baseline_trainer:Handling training for internally loading model: gradient_boosting_tfidf_syntactic_exp6
INFO:models.baseline_trainer:Initializing model: gradient_boosting_tfidf_syntactic_exp6
INFO:models.gradient_boosting_tfidf_syntactic_experiment_6:Starting Exp6 training for MNLI/train/sample100
INFO:models.gradient_boosting_tfidf_syntactic_experiment_6:Exp6: Loading data for MNLI/train (suffix: sample100)
WARNING:utils.database:No data found at intermediate path /scratch/jywu3/IS567FP/cache/parquet/MNLI/train/pairs_sample100.parquet or final path for table 'pairs_sample100'.
WARNING:utils.database:No data found at intermediate path /scratch/jywu3/IS567FP/cache/parquet/MNLI/train/sentences_sample100.parquet or final path for table 'sentences_sample100'.
ERROR:models.gradient_boosting_tfidf_syntactic_experiment_6:Exp6: Error loading/merging intermediate text data: Intermediate data missing
Traceback (most recent call last):
  File "/scratch/jywu3/IS567FP/models/gradient_boosting_tfidf_syntactic_experiment_6.py", line 103, in _load_and_prepare_data
    if pairs_df.empty or sentences_df.empty: raise ValueError("Intermediate data missing")
                                             ^^^^^^^^^^^^^^^^^^^^^^^^^^^^^^^^^^^^^^^^^^^^^
ValueError: Intermediate data missing
WARNING:models.gradient_boosting_tfidf_syntactic_experiment_6:Untrained model/pipeline, skipping save.
INFO:models.baseline_trainer:Starting evaluation: Model=gradient_boosting_tfidf_syntactic_exp6, Dataset=MNLI, Suffix=sample100
INFO:models.baseline_trainer:Loading gradient_boosting_tfidf_syntactic_exp6 model from base path /scratch/jywu3/IS567FP/saved_models/baseline_models/MNLI/gradient_boosting_tfidf_syntactic_exp6/sample100/MNLI_gradient_boosting_tfidf_syntactic_exp6_sample100 for evaluation...
INFO:models.gradient_boosting_tfidf_syntactic_experiment_6:Loading Exp6 artifacts from base: /scratch/jywu3/IS567FP/saved_models/baseline_models/MNLI/gradient_boosting_tfidf_syntactic_exp6/sample100/MNLI_gradient_boosting_tfidf_syntactic_exp6_sample100
ERROR:models.baseline_trainer:Model artifacts not found for MNLI_gradient_boosting_tfidf_syntactic_exp6_sample100 at /scratch/jywu3/IS567FP/saved_models/baseline_models/MNLI/gradient_boosting_tfidf_syntactic_exp6/sample100/MNLI_gradient_boosting_tfidf_syntactic_exp6_sample100. Cannot evaluate.
INFO:__main__:Training finished. Results: {'gradient_boosting_tfidf_syntactic_exp6': {'error': 'Training data loading/preparation failed.'}}
Python script finished with exit code 0 for Task ID 20
------------------------------------------------
Job Task 20 finished.
Total Runtime: 11 seconds
------------------------------------------------
