------------------------------------------------
SLURM Job ID: 2009879
SLURM Array Job ID: 2003062
SLURM Array Task ID: 31
Running on host: ccc0366.campuscluster.illinois.edu
Node allocated: ccc0366
Requested CPUs: 16
Requested Memory: M
Running Dataset: ANLI
Running Experiment: gradient_boosting_tfidf_syntactic_exp6
------------------------------------------------
Modules loaded.
Python environment 'IS567' activated.
OMP_NUM_THREADS set to 16
Changed directory to /u/jywu3/scratch/IS567FP
Starting Python script for ANLI / gradient_boosting_tfidf_syntactic_exp6 (Task ID 31)...
INFO:__main__:Running in train mode on ANLI dataset
INFO:__main__:Using device: cpu
INFO:__main__:Selected model type: gradient_boosting_tfidf_syntactic_exp6
INFO:__main__:Processing full dataset (no sample size specified).
INFO:__main__:Initializing BaselineTrainer for model: gradient_boosting_tfidf_syntactic_exp6, dataset: ANLI
INFO:__main__:Starting training process...
INFO:models.baseline_trainer:Handling training for internally loading model: gradient_boosting_tfidf_syntactic_exp6
INFO:models.baseline_trainer:Initializing model: gradient_boosting_tfidf_syntactic_exp6
INFO:models.gradient_boosting_tfidf_syntactic_experiment_6:Starting Exp6 training for ANLI/train/full
INFO:models.gradient_boosting_tfidf_syntactic_experiment_6:Exp6: Loading data for ANLI/train (suffix: full)
INFO:utils.database:Loading intermediate data from /scratch/jywu3/IS567FP/cache/parquet/ANLI/train/pairs_full.parquet
INFO:utils.database:Loading intermediate data from /scratch/jywu3/IS567FP/cache/parquet/ANLI/train/sentences_full.parquet
INFO:models.gradient_boosting_tfidf_syntactic_experiment_6:Exp6: Successfully loaded and merged text data. Shape: (162865, 4)
INFO:utils.database:Loading final features data from /scratch/jywu3/IS567FP/cache/parquet/ANLI_train_features_lexical_syntactic_full.parquet
INFO:models.gradient_boosting_tfidf_syntactic_experiment_6:Exp6: Successfully loaded precomputed features. Shape: (740653, 291)
INFO:models.gradient_boosting_tfidf_syntactic_experiment_6:Exp6: Keeping 243 syntactic features.
INFO:models.gradient_boosting_tfidf_syntactic_experiment_6:Exp6: Merged text and syntactic features: 1883849 rows.
INFO:models.gradient_boosting_tfidf_syntactic_experiment_6:Exp6: Building feature pipeline...
INFO:models.gradient_boosting_tfidf_syntactic_experiment_6:Adding StandardScaler for syntactic features.
INFO:models.gradient_boosting_tfidf_syntactic_experiment_6:Exp6: Feature pipeline built.
INFO:models.gradient_boosting_tfidf_syntactic_experiment_6:Fitting feature pipeline on training data...
/var/spool/slurmd/job2009879/slurm_script: line 96: 2860722 Killed                  python -u main.py --dataset "$CURRENT_DATASET" --mode train --model_type "$CURRENT_EXPERIMENT"
Python script finished with exit code 137 for Task ID 31
------------------------------------------------
Job Task 31 finished.
Total Runtime: 134 seconds
------------------------------------------------
slurmstepd: error: Detected 1 oom_kill event in StepId=2009879.batch. Some of the step tasks have been OOM Killed.
