/var/spool/slurmd/job2153271/slurm_script: line 46: [: : integer expression expected
/var/spool/slurmd/job2153271/slurm_script: line 46: [: : integer expression expected
------------------------------------------------
SLURM Job ID: 2153271
SLURM Array Job ID: 
SLURM Array Task ID:  / 33
Running on host: ccc0389.campuscluster.illinois.edu
Node allocated: ccc0389
Requested CPUs: 16
Running Dataset: SNLI
Running Experiment (Model Type): experiment-8
------------------------------------------------
Modules loaded.
Python environment 'IS567' activated: /u/jywu3/.conda/envs/IS567/bin/python
OMP_NUM_THREADS set to 16
Changed directory to /u/jywu3/scratch/IS567FP
Starting Python script for SNLI / experiment-8 (Task ID )...
2025-05-09 22:32:14,157 - datasets - INFO - [config.py:54] - PyTorch version 2.6.0+cu126 available.
2025-05-09 22:32:19,650 - __main__ - INFO - [main.py:47] - Running mode: train
2025-05-09 22:32:19,650 - __main__ - INFO - [main.py:48] - Selected model type: experiment-8
2025-05-09 22:32:19,650 - __main__ - INFO - [main.py:49] - Selected dataset: SNLI
2025-05-09 22:32:19,650 - __main__ - INFO - [main.py:50] - Using device: cuda
2025-05-09 22:32:19,650 - __main__ - INFO - [main.py:92] - Starting training for model: experiment-8
2025-05-09 22:32:19,660 - models.cross_validate_syntactic_experiment_8 - INFO - [cross_validate_syntactic_experiment_8.py:131] - ===== Starting Experiment 8: Syntactic Feature Cross-Validation =====
2025-05-09 22:32:19,660 - models.cross_validate_syntactic_experiment_8 - INFO - [cross_validate_syntactic_experiment_8.py:132] - Dataset: SNLI, Suffix: full, Folds: 5
2025-05-09 22:32:19,660 - models.cross_validate_syntactic_experiment_8 - INFO - [cross_validate_syntactic_experiment_8.py:90] - Exp8: Loading precomputed features for SNLI/train/full
2025-05-09 22:32:19,672 - utils.database - INFO - [database.py:80] - Loading intermediate data from /scratch/jywu3/IS567FP/cache/parquet/SNLI/train/SNLI_train_features_stats_syntactic_full.parquet
2025-05-09 22:32:23,967 - models.cross_validate_syntactic_experiment_8 - INFO - [cross_validate_syntactic_experiment_8.py:116] - Exp8: Using 240 syntactic features for cross-validation.
2025-05-09 22:32:24,293 - models.cross_validate_syntactic_experiment_8 - INFO - [cross_validate_syntactic_experiment_8.py:149] - --- Running Cross-Validation for: SVM_Linear ---
slurmstepd: error: *** JOB 2153271 ON ccc0389 CANCELLED AT 2025-05-10T00:52:29 ***
