------------------------------------------------
SLURM Job ID: 2009891
SLURM Array Job ID: 2003062
SLURM Array Task ID: 32
Running on host: ccc0366.campuscluster.illinois.edu
Node allocated: ccc0366
Requested CPUs: 16
Requested Memory: M
Running Dataset: ANLI
Running Experiment: cross_eval_syntactic_exp7
------------------------------------------------
Modules loaded.
Python environment 'IS567' activated.
OMP_NUM_THREADS set to 16
Changed directory to /u/jywu3/scratch/IS567FP
Starting Python script for ANLI / cross_eval_syntactic_exp7 (Task ID 32)...
INFO:__main__:Running in train mode on ANLI dataset
INFO:__main__:Using device: cpu
INFO:__main__:Selected model type: cross_eval_syntactic_exp7
INFO:__main__:Processing full dataset (no sample size specified).
INFO:__main__:Initializing special experiment runner for: cross_eval_syntactic_exp7, dataset: ANLI
INFO:__main__:Starting cross_eval_syntactic_exp7 run...
INFO:models.cross_eval_syntactic_experiment_7:===== Starting Experiment 7 for ANLI (full) =====
INFO:models.cross_eval_syntactic_experiment_7:Exp7: Loading precomputed features for ANLI/train/full
INFO:utils.database:Loading final features data from /scratch/jywu3/IS567FP/cache/parquet/ANLI_train_features_lexical_syntactic_full.parquet
INFO:models.cross_eval_syntactic_experiment_7:Exp7: Loading precomputed features for ANLI/validation/full
INFO:utils.database:Loading final features data from /scratch/jywu3/IS567FP/cache/parquet/ANLI_validation_features_lexical_syntactic_full.parquet
WARNING:models.cross_eval_syntactic_experiment_7:Adding 5 missing dependency columns to val_df: {'hypothesis_dep_deprel_csubj:outer', 'diff_dep_deprel_csubj:outer', 'premise_dep_deprel_csubj:pass', 'hypothesis_dep_deprel_reparandum', 'premise_dep_deprel_csubj:outer'}
INFO:models.cross_eval_syntactic_experiment_7:--- Training SVM (Dependency Features) ---
