------------------------------------------------
SLURM Job ID: 2005061
SLURM Array Job ID: 2003062
SLURM Array Task ID: 10
Running on host: ccc0362.campuscluster.illinois.edu
Node allocated: ccc0362
Requested CPUs: 16
Requested Memory: M
Running Dataset: SNLI
Running Experiment: cross_eval_syntactic_exp7
------------------------------------------------
Modules loaded.
Python environment 'IS567' activated.
OMP_NUM_THREADS set to 16
Changed directory to /u/jywu3/scratch/IS567FP
Starting Python script for SNLI / cross_eval_syntactic_exp7 (Task ID 10)...
INFO:__main__:Running in train mode on SNLI dataset
INFO:__main__:Using device: cpu
INFO:__main__:Selected model type: cross_eval_syntactic_exp7
INFO:__main__:Processing full dataset (no sample size specified).
INFO:__main__:Initializing special experiment runner for: cross_eval_syntactic_exp7, dataset: SNLI
INFO:__main__:Starting cross_eval_syntactic_exp7 run...
INFO:models.cross_eval_syntactic_experiment_7:===== Starting Experiment 7 for SNLI (full) =====
INFO:models.cross_eval_syntactic_experiment_7:Exp7: Loading precomputed features for SNLI/train/full
INFO:utils.database:Loading final features data from /scratch/jywu3/IS567FP/cache/parquet/SNLI_train_features_lexical_syntactic_full.parquet
INFO:models.cross_eval_syntactic_experiment_7:Exp7: Loading precomputed features for SNLI/validation/full
INFO:utils.database:Loading final features data from /scratch/jywu3/IS567FP/cache/parquet/SNLI_validation_features_lexical_syntactic_full.parquet
WARNING:models.cross_eval_syntactic_experiment_7:Adding 14 missing dependency columns to val_df: {'premise_dep_deprel_nsubj:outer', 'hypothesis_dep_pos_X', 'hypothesis_dep_deprel_csubj:outer', 'hypothesis_dep_deprel_csubj:pass', 'hypothesis_dep_deprel_orphan', 'premise_dep_deprel_vocative', 'diff_dep_deprel_csubj:outer', 'hypothesis_dep_deprel_dislocated', 'diff_dep_pos_X', 'premise_dep_pos_X', 'hypothesis_dep_deprel_list', 'diff_dep_deprel_csubj:pass', 'premise_dep_deprel_dep', 'diff_dep_deprel_list'}
INFO:models.cross_eval_syntactic_experiment_7:--- Training SVM (Dependency Features) ---
