------------------------------------------------
SLURM Job ID: 2007796
SLURM Array Job ID: 2003062
SLURM Array Task ID: 27
Running on host: ccc0361.campuscluster.illinois.edu
Node allocated: ccc0361
Requested CPUs: 16
Requested Memory: M
Running Dataset: ANLI
Running Experiment: svm_bow_syntactic_exp2
------------------------------------------------
Modules loaded.
Python environment 'IS567' activated.
OMP_NUM_THREADS set to 16
Changed directory to /u/jywu3/scratch/IS567FP
Starting Python script for ANLI / svm_bow_syntactic_exp2 (Task ID 27)...
INFO:__main__:Running in train mode on ANLI dataset
INFO:__main__:Using device: cpu
INFO:__main__:Selected model type: svm_bow_syntactic_exp2
INFO:__main__:Processing full dataset (no sample size specified).
INFO:__main__:Initializing BaselineTrainer for model: svm_bow_syntactic_exp2, dataset: ANLI
INFO:__main__:Starting training process...
INFO:models.baseline_trainer:Trainer loading data for svm_bow_syntactic_exp2 on ANLI (full)
INFO:models.baseline_trainer:Loading precomputed features using base: features_lexical_syntactic_full
INFO:utils.database:Loading final features data from /scratch/jywu3/IS567FP/cache/parquet/ANLI_train_features_lexical_syntactic_full.parquet
INFO:utils.database:Loading final features data from /scratch/jywu3/IS567FP/cache/parquet/ANLI_validation_features_lexical_syntactic_full.parquet
INFO:utils.database:Loading final features data from /scratch/jywu3/IS567FP/cache/parquet/ANLI_test_features_lexical_syntactic_full.parquet
INFO:models.baseline_trainer:Initializing model: svm_bow_syntactic_exp2
INFO:models.svm_bow_hand_crafted_syntactic_features_experiment_2:Initializing Experiment 2 SVM with Combined Features (Kernel: linear, C: 1.0)
INFO:models.baseline_trainer:Handling svm_bow_syntactic_exp2. Using precomputed features.
INFO:models.svm_bow_baseline:Storing 289 feature columns used for training.
INFO:models.svm_bow_baseline:Training SVM (linear, C=1.0) with 740653 samples, 289 features
