------------------------------------------------
SLURM Job ID: 2007140
SLURM Array Job ID: 2003062
SLURM Array Task ID: 25
Running on host: ccc0293.campuscluster.illinois.edu
Node allocated: ccc0293
Requested CPUs: 16
Requested Memory: M
Running Dataset: ANLI
Running Experiment: mnb_bow
------------------------------------------------
Modules loaded.
Python environment 'IS567' activated.
OMP_NUM_THREADS set to 16
Changed directory to /u/jywu3/scratch/IS567FP
Starting Python script for ANLI / mnb_bow (Task ID 25)...
INFO:__main__:Running in train mode on ANLI dataset
INFO:__main__:Using device: cpu
INFO:__main__:Selected model type: mnb_bow
INFO:__main__:Processing full dataset (no sample size specified).
INFO:__main__:Initializing BaselineTrainer for model: mnb_bow, dataset: ANLI
INFO:__main__:Starting training process...
INFO:models.baseline_trainer:Trainer loading data for mnb_bow on ANLI (full)
INFO:models.baseline_trainer:Loading raw text data for mnb_bow
INFO:models.baseline_base:Attempting to load intermediate raw text data: ANLI/train/full
INFO:utils.database:Loading intermediate data from /scratch/jywu3/IS567FP/cache/parquet/ANLI/train/pairs_full.parquet
INFO:utils.database:Loading intermediate data from /scratch/jywu3/IS567FP/cache/parquet/ANLI/train/sentences_full.parquet
INFO:models.baseline_base:Merging intermediate pairs and sentences data...
INFO:models.baseline_base:Successfully loaded and merged intermediate data. Shape after merge: (162865, 4)
INFO:models.baseline_base:Attempting to load intermediate raw text data: ANLI/validation/full
INFO:utils.database:Loading intermediate data from /scratch/jywu3/IS567FP/cache/parquet/ANLI/validation/pairs_full.parquet
INFO:utils.database:Loading intermediate data from /scratch/jywu3/IS567FP/cache/parquet/ANLI/validation/sentences_full.parquet
INFO:models.baseline_base:Merging intermediate pairs and sentences data...
INFO:models.baseline_base:Successfully loaded and merged intermediate data. Shape after merge: (3200, 4)
INFO:models.baseline_base:Attempting to load intermediate raw text data: ANLI/test/full
INFO:utils.database:Loading intermediate data from /scratch/jywu3/IS567FP/cache/parquet/ANLI/test/pairs_full.parquet
INFO:utils.database:Loading intermediate data from /scratch/jywu3/IS567FP/cache/parquet/ANLI/test/sentences_full.parquet
INFO:models.baseline_base:Merging intermediate pairs and sentences data...
INFO:models.baseline_base:Successfully loaded and merged intermediate data. Shape after merge: (3200, 4)
INFO:models.baseline_trainer:Initializing model: mnb_bow
INFO:models.baseline_trainer:Handling mnb_bow. Using raw text data.
INFO:models.baseline_trainer:Fitting feature extractor...
INFO:models.baseline_base:Fitting CountVectorizer on 162865 combined texts...
INFO:models.baseline_base:CountVectorizer fitted. Vocabulary size: 10000
INFO:models.baseline_trainer:Transforming training data...
INFO:models.baseline_base:Training MultinomialNB with 162865 samples...
INFO:models.baseline_base:MultinomialNB training complete.
INFO:models.baseline_trainer:Evaluating on validation data...
INFO:models.baseline_base:Evaluating model on 3200 samples...
INFO:models.baseline_base:Prediction finished in 0.00 seconds.
INFO:models.baseline_base:Evaluation Metrics - Accuracy: 0.3303, Precision: 0.3269, Recall: 0.3303, F1: 0.3252
INFO:models.baseline_base:MultinomialNB model saved to /scratch/jywu3/IS567FP/saved_models/baseline_models/ANLI/mnb_bow/full/ANLI_mnb_bow_full_model.joblib
INFO:models.baseline_base:Feature extractor (BoWExtractor) saved to /scratch/jywu3/IS567FP/saved_models/baseline_models/ANLI/mnb_bow/full/ANLI_mnb_bow_full_extractor.joblib
INFO:models.baseline_trainer:Starting evaluation: Model=mnb_bow, Dataset=ANLI, Suffix=full
INFO:models.baseline_trainer:Loading mnb_bow model from base path /scratch/jywu3/IS567FP/saved_models/baseline_models/ANLI/mnb_bow/full/ANLI_mnb_bow_full for evaluation...
INFO:models.baseline_base:MultinomialNaiveBayesBaseline loaded from /scratch/jywu3/IS567FP/saved_models/baseline_models/ANLI/mnb_bow/full using base name ANLI_mnb_bow_full
INFO:models.baseline_trainer:Extracting features for evaluation...
INFO:models.baseline_base:Evaluating model on 3200 samples...
INFO:models.baseline_base:Prediction finished in 0.00 seconds.
INFO:models.baseline_base:Evaluation Metrics - Accuracy: 0.3444, Precision: 0.3415, Recall: 0.3444, F1: 0.3404
INFO:models.baseline_trainer:Evaluation results for mnb_bow: {'accuracy': 0.344375, 'precision': 0.34150007593541587, 'recall': 0.344375, 'f1': 0.3403835427469864}
INFO:__main__:Training finished. Results: {'mnb_bow': {'accuracy': 0.3303125, 'precision': 0.3268846988977102, 'recall': 0.3303125, 'f1': 0.3251685142413187, 'eval_time': 0.0008635520935058594, 'train_time': 0.02876114845275879}}
Python script finished with exit code 0 for Task ID 25
------------------------------------------------
Job Task 25 finished.
Total Runtime: 23 seconds
------------------------------------------------
