------------------------------------------------
SLURM Job ID: 2005956
SLURM Array Job ID: 2003062
SLURM Array Task ID: 19
Running on host: ccc0291.campuscluster.illinois.edu
Node allocated: ccc0291
Requested CPUs: 16
Requested Memory: M
Running Dataset: MNLI
Running Experiment: random_forest_bow_syntactic_exp5
------------------------------------------------
Modules loaded.
Python environment 'IS567' activated.
OMP_NUM_THREADS set to 16
Changed directory to /u/jywu3/scratch/IS567FP
Starting Python script for MNLI / random_forest_bow_syntactic_exp5 (Task ID 19)...
INFO:__main__:Running in train mode on MNLI dataset
INFO:__main__:Using device: cpu
INFO:__main__:Selected model type: random_forest_bow_syntactic_exp5
INFO:__main__:Processing full dataset (no sample size specified).
INFO:__main__:Initializing BaselineTrainer for model: random_forest_bow_syntactic_exp5, dataset: MNLI
INFO:__main__:Starting training process...
INFO:models.baseline_trainer:Handling training for internally loading model: random_forest_bow_syntactic_exp5
INFO:models.baseline_trainer:Initializing model: random_forest_bow_syntactic_exp5
INFO:models.random_forest_bow_syntactic_experiment_5:Initializing Experiment 5 Random Forest (n_estimators=100, max_depth=None)
INFO:models.random_forest_bow_syntactic_experiment_5:Starting Exp5 training for MNLI/train/full
INFO:models.random_forest_bow_syntactic_experiment_5:Exp5: Loading features for MNLI/train/full
INFO:utils.database:Loading final features data from /scratch/jywu3/IS567FP/cache/parquet/MNLI_train_features_lexical_syntactic_full.parquet
INFO:models.random_forest_bow_syntactic_experiment_5:Extracting features from training data...
INFO:models.random_forest_bow_syntactic_experiment_5:Experiment 5: Storing 291 feature columns for training.
INFO:models.random_forest_bow_syntactic_experiment_5:Training features extracted. Shape: (392702, 291)
INFO:models.random_forest_bow_syntactic_experiment_5:Training Random Forest model...
INFO:models.random_forest_bow_syntactic_experiment_5:Model training completed in 32.50s.
INFO:models.random_forest_bow_syntactic_experiment_5:Loading and evaluating on validation data: MNLI/validation/full
INFO:models.random_forest_bow_syntactic_experiment_5:Exp5: Loading features for MNLI/validation/full
INFO:utils.database:Loading final features data from /scratch/jywu3/IS567FP/cache/parquet/MNLI_validation_features_lexical_syntactic_full.parquet
INFO:models.random_forest_bow_syntactic_experiment_5:Extracting features from validation data...
WARNING:models.random_forest_bow_syntactic_experiment_5:Combined BoW+Syntactic extractor: Missing columns {'premise_dep_deprel_goeswith', 'diff_dep_deprel_goeswith', 'hypothesis_dep_deprel_reparandum', 'hypothesis_dep_deprel_list'} during extraction. Filling with 0.
INFO:models.random_forest_bow_syntactic_experiment_5:Evaluating model on validation data...
INFO:models.baseline_base:Evaluating model on 9815 samples...
INFO:models.baseline_base:Prediction finished in 0.11 seconds.
INFO:models.baseline_base:Evaluation Metrics - Accuracy: 0.5269, Precision: 0.5271, Recall: 0.5269, F1: 0.5236
INFO:models.random_forest_bow_syntactic_experiment_5:Saving Experiment 5 Random Forest model state to /scratch/jywu3/IS567FP/saved_models/baseline_models/MNLI/random_forest_bow_syntactic_exp5/full/MNLI_random_forest_bow_syntactic_exp5_full.joblib
INFO:models.random_forest_bow_syntactic_experiment_5:Successfully saved model data to /scratch/jywu3/IS567FP/saved_models/baseline_models/MNLI/random_forest_bow_syntactic_exp5/full/MNLI_random_forest_bow_syntactic_exp5_full.joblib
INFO:models.baseline_trainer:Starting evaluation: Model=random_forest_bow_syntactic_exp5, Dataset=MNLI, Suffix=full
INFO:models.baseline_trainer:Loading random_forest_bow_syntactic_exp5 model from base path /scratch/jywu3/IS567FP/saved_models/baseline_models/MNLI/random_forest_bow_syntactic_exp5/full/MNLI_random_forest_bow_syntactic_exp5_full for evaluation...
INFO:models.random_forest_bow_syntactic_experiment_5:Loading Experiment 5 Random Forest model state from /scratch/jywu3/IS567FP/saved_models/baseline_models/MNLI/random_forest_bow_syntactic_exp5/full/MNLI_random_forest_bow_syntactic_exp5_full.joblib
INFO:models.random_forest_bow_syntactic_experiment_5:Initializing Experiment 5 Random Forest (n_estimators=100, max_depth=None)
INFO:models.random_forest_bow_syntactic_experiment_5:Successfully loaded Experiment 5 Random Forest model. Trained: True
INFO:models.baseline_trainer:Triggering internal evaluation for random_forest_bow_syntactic_exp5...
INFO:models.random_forest_bow_syntactic_experiment_5:Exp5: Loading features for MNLI/test/full
INFO:utils.database:Loading final features data from /scratch/jywu3/IS567FP/cache/parquet/MNLI_test_features_lexical_syntactic_full.parquet
WARNING:models.random_forest_bow_syntactic_experiment_5:Combined BoW+Syntactic extractor: Missing columns {'hypothesis_dep_deprel_orphan', 'diff_dep_deprel_goeswith', 'hypothesis_dep_deprel_csubj:outer', 'premise_dep_deprel_csubj:outer', 'diff_dep_deprel_csubj:outer', 'premise_dep_deprel_goeswith', 'hypothesis_dep_deprel_reparandum'} during extraction. Filling with 0.
INFO:models.baseline_base:Evaluating model on 9832 samples...
INFO:models.baseline_base:Prediction finished in 0.10 seconds.
INFO:models.baseline_base:Evaluation Metrics - Accuracy: 0.5430, Precision: 0.5464, Recall: 0.5430, F1: 0.5383
INFO:models.baseline_trainer:Evaluation results for random_forest_bow_syntactic_exp5: {'accuracy': 0.5430227827502034, 'precision': 0.5464163017125178, 'recall': 0.5430227827502034, 'f1': 0.5383089284478194}
INFO:__main__:Training finished. Results: {'random_forest_bow_syntactic_exp5': {'train_time': 32.49506902694702, 'accuracy': 0.5269485481406011, 'precision': 0.5271369940752938, 'recall': 0.5269485481406011, 'f1': 0.5235633470027707, 'eval_time': 0.11401510238647461}}
Python script finished with exit code 0 for Task ID 19
------------------------------------------------
Job Task 19 finished.
Total Runtime: 84 seconds
------------------------------------------------
