------------------------------------------------
Initial SLURM_ARRAY_TASK_ID: '26'
Validated SLURM_ARRAY_TASK_ID: 26
------------------------------------------------
DEBUG: NUM_DATASETS=3, NUM_EXPERIMENTS=9, TOTAL_TASKS=27
------------------------------------------------
SLURM Job ID: 2175322
SLURM Array Job ID: 2174740
SLURM Array Task ID: 26 / 27
Running on host: ccc0290.campuscluster.illinois.edu
Node allocated: ccc0290
Requested CPUs: 16
Running Dataset: ANLI
Running Experiment (Model Type): experiment-5
Sample Size: 10000 (8000 train, 1000 validation, 1000 test)
------------------------------------------------
Modules loaded.
Python environment 'IS567' activated: /sw/apps/anaconda3/2024.10/bin/python
OMP_NUM_THREADS set to 16
Changed directory to /u/jywu3/scratch/IS567FP
Starting Python script for ANLI / experiment-5 (Task ID 26)...
2025-05-11 22:47:30,031 - datasets - INFO - [config.py:54] - PyTorch version 2.6.0+cu126 available.
2025-05-11 22:47:31,940 - __main__ - INFO - [main.py:47] - Running mode: train
2025-05-11 22:47:31,940 - __main__ - INFO - [main.py:48] - Selected model type: experiment-5
2025-05-11 22:47:31,940 - __main__ - INFO - [main.py:49] - Selected dataset: ANLI
2025-05-11 22:47:31,940 - __main__ - INFO - [main.py:50] - Using device: cpu
2025-05-11 22:47:31,940 - __main__ - INFO - [main.py:52] - Using sample size: 10000
2025-05-11 22:47:31,940 - __main__ - INFO - [main.py:92] - Starting training for model: experiment-5
2025-05-11 22:47:31,948 - models.base_experiment_trainer - INFO - [base_experiment_trainer.py:55] - Initialized ExperimentTrainer for model key: 'experiment-5', class: RandomForestBowSyntacticExperiment5, dataset: ANLI, suffix: sample10000
2025-05-11 22:47:31,948 - models.base_experiment_trainer - INFO - [base_experiment_trainer.py:71] - Initializing model instance for experiment-5 (RandomForestBowSyntacticExperiment5)
2025-05-11 22:47:31,948 - models.random_forest_bow_syntactic_experiment_5 - INFO - [random_forest_bow_syntactic_experiment_5.py:76] - Initialized RandomForest_BoW_Syntactic_Exp5_PipelineCompatible with params: {'bow_max_features': 5000, 'bow_ngram_range': (1, 1), 'n_estimators': 100, 'max_depth': None, 'random_state': 42, 'min_samples_split': 2, 'min_samples_leaf': 1, 'scale_syntactic': True}
2025-05-11 22:47:31,948 - models.base_experiment_trainer - INFO - [base_experiment_trainer.py:93] - Model experiment-5 initialized successfully.
2025-05-11 22:47:31,948 - models.base_experiment_trainer - INFO - [base_experiment_trainer.py:107] - --- Loading Pre-computed Features for experiment-5 on ANLI (train/sample10000) ---
2025-05-11 22:47:31,948 - models.base_experiment_trainer - INFO - [base_experiment_trainer.py:115] - Loading pre-computed features using SimpleParquetLoader...
2025-05-11 22:47:31,948 - models.base_experiment_trainer - INFO - [base_experiment_trainer.py:128] - Attempting to load feature file matching: dataset='ANLI', split='train', suffix='sample10000'
2025-05-11 22:47:31,948 - models.baseline_base - INFO - [baseline_base.py:622] - SimpleParquetLoader: Searching for features in cache/parquet/ANLI/train for ANLI/train/sample10000
2025-05-11 22:47:32,396 - models.baseline_base - INFO - [baseline_base.py:685] - SimpleParquetLoader: Loading final features from: cache/parquet/ANLI/train/ANLI_train_features_stats_syntactic_full.parquet
2025-05-11 22:47:32,782 - models.baseline_base - INFO - [baseline_base.py:687] - SimpleParquetLoader: Loaded 740653 rows from cache/parquet/ANLI/train/ANLI_train_features_stats_syntactic_full.parquet
2025-05-11 22:47:32,782 - models.base_experiment_trainer - INFO - [base_experiment_trainer.py:153] - Loaded 740653 rows with 253 columns from pre-computed feature file.
2025-05-11 22:47:32,786 - models.base_experiment_trainer - INFO - [base_experiment_trainer.py:163] - Feature data cleaned. 740653 samples remaining.
2025-05-11 22:47:32,787 - models.base_experiment_trainer - INFO - [base_experiment_trainer.py:172] - Extracting/Selecting features using experiment-5.extract_features...
2025-05-11 22:47:32,787 - models.random_forest_bow_syntactic_experiment_5 - INFO - [random_forest_bow_syntactic_experiment_5.py:193] - RandomForest_BoW_Syntactic_Exp5_PipelineCompatible: Fitting feature pipeline and transforming training data...
2025-05-11 22:47:58,224 - models.random_forest_bow_syntactic_experiment_5 - INFO - [random_forest_bow_syntactic_experiment_5.py:202] - Feature pipeline fit and transform complete in 25.44s. Output shape: (740653, 5243)
2025-05-11 22:47:58,225 - models.base_experiment_trainer - INFO - [base_experiment_trainer.py:182] - Training features prepared. Shape: (740653, 5243)
2025-05-11 22:47:58,225 - models.base_experiment_trainer - INFO - [base_experiment_trainer.py:183] - Training labels prepared. Length: 740653
2025-05-11 22:47:58,355 - models.base_experiment_trainer - INFO - [base_experiment_trainer.py:194] - Data loading and preparation phase finished in 26.41s
2025-05-11 22:47:58,355 - models.base_experiment_trainer - INFO - [base_experiment_trainer.py:198] - --- Starting model training for experiment-5 on ANLI (sample10000) ---
2025-05-11 22:47:58,355 - models.random_forest_bow_syntactic_experiment_5 - INFO - [random_forest_bow_syntactic_experiment_5.py:246] - Training RandomForest_BoW_Syntactic_Exp5_PipelineCompatible classifier on 740653 samples, 5243 features...
